[1] 0
[8] 0
[18] I_am_the_admin 奥斯卡 foo@bar.com 10
[20] 0
[29] 0
[37] 0
[39] 0
[43] 0
[52] 0
[57] 0
[59] 0
[66] Plume 翎羽 PARTY.A.spectre@is.haunting 9
[67] I_am_the_admin 奥斯卡 foo@bar.com 10
[68] Plume 翎羽 PARTY.A.spectre@is.haunting 9
[77] 0
[86] 0
[90] 0
[100] 0
[101] 0
[103] 0
[104] 0
[111] 0
[120] 0
[125] 0
[127] Haze 夜烟 Czar.Metternich@and.Guizot 3
[131] Astesia 星极 Europethe.spectre@of.Communism 6
[133] Haze 夜烟 policespies@Where.is 3
[136] 0
[144] 0
[151] 0
[153] 0
[154] Haze 夜烟 policespies@Where.is 3
[158] 0
[166] 0
[167] 0
[177] 0
[183] 0
[187] 0
[193] Ansel 安赛尔 opponents.in@power.Where 4
[202] 0
[210] 0
[211] 0
[219] -1
[225] Snowsant 雪雉 is.the.Opposition@that.has 3
[235] 0
[237] -1
[246] 0
[248] 0
[252] 0
[262] 0
[263] -1
[269] Scavenger 清道夫 opposition@parties.as 3
[279] Snowsant 雪雉 is.the.Opposition@that.has 3
[287] Blaze 煌煌 against.the@more.advanced 1
[293] Scavenger 清道夫 opposition@parties.as 3
[295] 0
[296] 0
[301] Snowsant 雪雉 is.the.Opposition@that.has 3
[311] 0
[313] 0
[318] Haze 夜烟 policespies@Where.is 3
[326] 0
[327] 0
[332] 0
[333] 0
[339] Conviction 断罪者 I.Communism@is.already 2
[345] 0
[349] -1
[356] 0
[357] Snowsant 雪雉 is.the.Opposition@that.has 3
[362] Snowsant 雪雉 is.the.Opposition@that.has 3
[370] Haze 夜烟 policespies@Where.is 3
[377] Ansel 安赛尔 opponents.in@power.Where 4
[379] 0
[385] 0
[394] 0
[403] 0
[408] 0
[411] Nightmare 夜魔 is.high.time@that.Communists 4
[412] Ansel 安赛尔 opponents.in@power.Where 4
[421] -1
[424] 0
[431] 0
[433] 0
[437] 0
[447] Ansel 安赛尔 opponents.in@power.Where 4
[450] -1
[459] 0
[464] -1
[469] Mousse 慕斯 itself.a.Power@II.It 4
[470] 0
[478] 0
[488] 0
[495] 0
[498] Conviction 断罪者 I.Communism@is.already 2
[508] 0
[513] 0
[519] Haze 夜烟 policespies@Where.is 3
[520] 0
[524] 0
[527] 0
[530] 0
[540] 0
[548] 0
[557] 0
[561] -1
[568] Conviction 断罪者 I.Communism@is.already 2
[578] 0
[585] 0
[593] 0
[596] -1
[600] Conviction 断罪者 I.Communism@is.already 2
[609] Hellagur 赫拉格 meet.this.nursery@tale.of 3
[611] Rope 暗索 in.London.and@sketched.the 4
[619] 0
[628] -1
[634] Nightmare 夜魔 is.high.time@that.Communists 4
[643] 0
[648] 0
[650] 0
[654] 0
[657] 0
[662] 0
[664] 0
[667] 0
[670] 0
[676] 0
[679] 0
[680] 0
[689] 0
[690] 0
[696] 0
[705] 0
[713] Phantom 傀影 following.Manifesto@to.be 2
[716] Rope 暗索 in.London.and@sketched.the 4
[725] 0
[728] 0
[738] 0
[747] -1
[752] 0
[759] 0
[768] 0
[776] 0
[786] 0
[790] 0
[798] 0
[808] 0
[816] 0
[819] Conviction 断罪者 that.each.time@ended.either 2
[820] 0
[822] 0
[826] Ambriel 安比尔 history.of@all.hitherto 3
[828] Conviction 断罪者 that.each.time@ended.either 2
[835] 0
[839] -1
[844] Grani 格拉尼 in.a.word.oppressor@and.oppres 1
[848] Mousse 慕斯 itself.a.Power@II.It 4
[857] Ambriel 安比尔 history.of@all.hitherto 3
[866] -1
[875] Hellagur 赫拉格 meet.this.nursery@tale.of 3
[883] Grani 格拉尼 in.a.word.oppressor@and.oppres 1
[889] 0
[890] 0
[899] Nian 年年 in.the.common@ruin.of 1
[906] Courier 讯使 end.Communists@of.various 1
[908] Scavenger 清道夫 opposition@parties.as 3
[912] Snowsant 雪雉 is.the.Opposition@that.has 3
[914] 0
[920] 0
[929] 0
[932] 0
[941] 0
[946] W 达不溜 French.German@Italian.Flemish 2
[948] Scavenger 清道夫 opposition@parties.as 3
[957] Snowsant 雪雉 is.the.Opposition@that.has 3
[962] 0
[968] 0
[971] 0
[980] 0
[981] -1
[983] Fang 芬芬 nationalities@have.assembled 3
[984] Bison 拜松 one.another@carried.on 1
[993] Vigna 红豆 adversaries@Two.things 5
[998] 0
[1001] 0
[1007] 0
[1015] -1
[1022] 0
[1025] -1
[1029] 0
[1032] 0
[1042] 0
[1049] 0
[1057] Ceobe 刻俄柏 acknowledged@by.all 4
[1058] 0
[1061] 0
[1063] 0
[1071] Haze 夜烟 policespies@Where.is 3
[1076] -1
[1080] 0
[1087] 0
[1089] Ambriel 安比尔 history.of@all.hitherto 3
[1098] Ambriel 安比尔 history.of@all.hitherto 3
[1101] 0
[1105] 0
[1108] 0
[1112] -1
[1121] 0
[1130] 0
[1133] Mousse 慕斯 itself.a.Power@II.It 4
[1135] Sussurro 苏苏洛 into.various@orders.a 1
[1145] 0
[1155] 0
[1164] 0
[1168] 0
[1178] Mousse 慕斯 itself.a.Power@II.It 4
[1180] NoirCorne 黑角 face.of.the@whole.world 4
[1187] Provence 普罗旺斯 aims.their@tendencies.and 4
[1188] WaaiFu 槐琥 have.patricians@knights.plebei 1
[1193] 0
[1201] Ifrit 伊芙利特 slaves.in.the@Middle.Ages 3
[1203] Sesa 慑砂 everywhere@a.complicated 4
[1209] Mousse 慕斯 itself.a.Power@II.It 4
[1213] Ambriel 安比尔 history.of@all.hitherto 3
[1214] Bison 拜松 one.another@carried.on 1
[1222] Zima 凛冬 classes.again@subordinate.grad 1
[1229] Liskarm 雷蛇 the.Spectre@of.Communism 3
[1233] 0
[1243] 0
[1250] 0
[1255] 0
[1261] Schwarz 黑黑 and.Danish@languages.I 1
[1269] 0
[1271] 0
[1278] 0
[1279] 0
[1289] Popukar 泡普卡 journeymen@apprentices.serfs 1
[1291] 0
[1295] 0
[1296] Greyy 格雷 new.forms.of@struggle.in 4
[1303] Ambriel 安比尔 history.of@all.hitherto 3
[1311] 0
[1320] 0
[1328] 0
[1338] 0
[1339] ProjeKTRed 红红 place.of.the@old.ones 1
[1349] Magallan 麦哲伦 arrangement@of.society 2
[1353] Eyjafjalla 艾雅法拉 but.established@new.classes 1
[1361] NoirCorne 黑角 face.of.the@whole.world 4
[1370] Ambriel 安比尔 the.bourgeoisie@possesses.howe 3
[1377] Greyy 格雷 new.forms.of@struggle.in 4
[1384] Frostleaf 霜叶 existing.societies@is.the 1
[1385] 0
[1389] 0
[1393] 0
[1403] 0
[1411] Haze 夜烟 antagonisms@Society.as 3
[1417] 0
[1419] 0
[1420] Ifrit 伊芙利特 slaves.in.the@Middle.Ages 3
[1429] 0
[1434] Gummy 古米 new.conditions@of.oppression 4
[1441] Conviction 断罪者 that.each.time@ended.either 2
[1449] Purestream 清流 this.distinctive@feature.it 2
[1451] Sora 空空 manifold.gradation@of.social 2
[1453] Courier 讯使 more.splitting@up.into 1
[1461] 0
[1471] 0
[1480] 0
[1486] Scavenger 清道夫 opposition@parties.as 3
[1490] FEater 食铁兽 not.done.away@with.class 1
[1493] Sora 空空 manifold.gradation@of.social 2
[1500] Popukar 泡普卡 journeymen@apprentices.serfs 1
[1506] 0
[1509] 0
[1516] 0
[1522] 0
[1523] 0
[1528] 0
[1533] 0
[1536] Courier 讯使 more.splitting@up.into 1
[1540] 0
[1545] 0
[1551] Broca 布洛卡 serfs.of.the@Middle.Ages 4
[1558] 0
[1560] -1
[1565] Fang 芬芬 nationalities@have.assembled 3
[1570] Gummy 古米 new.conditions@of.oppression 4
[1576] Courier 讯使 more.splitting@up.into 1
[1580] 0
[1584] -1
[1593] Durin 杜林 Proletariat@From.the 1
[1599] 0
[1606] 0
[1607] Eyjafjalla 艾雅法拉 but.established@new.classes 1
[1615] Nian 年年 in.the.common@ruin.of 1
[1621] Executor 送葬人 two.great.hostile@camps.into 1
[1628] Croissant 可颂 ruins.of.feudal@society.has 4
[1635] 0
[1637] Gummy 古米 new.conditions@of.oppression 4
[1644] Zima 凛冬 classes.again@subordinate.grad 1
[1653] 0
[1658] 0
[1668] ProjeKTRed 红红 place.of.the@old.ones 1
[1678] Shining 闪灵 publish.their@views.their 1
[1686] Fang 芬芬 nationalities@have.assembled 3
[1693] Mousse 慕斯 itself.a.Power@II.It 4
[1703] Conviction 断罪者 that.each.time@ended.either 2
[1710] -1
[1716] Ceobe 刻俄柏 acknowledged@by.all 4
[1721] Snowsant 雪雉 is.the.Opposition@that.has 3
[1722] 0
[1729] 0
[1734] 0
[1736] 0
[1742] Scavenger 清道夫 opposition@parties.as 3
[1746] 0
[1752] 0
[1754] 0
[1757] 0
[1759] 0
[1764] 0
[1770] Aak 阿阿 an.uninterrupted@now.hidden 1
[1778] Sideroca 铸铁 of.the.earliest@towns.From 2
[1782] 0
[1783] 0
[1789] 0
[1792] 0
[1798] Broca 布洛 serfs.of.the@Middle.Ages 4
[1799] 0
[1803] 0
[1808] Gavial 嘉维尔 each.other@Bourgeoisie.and 1
[1814] 0
[1818] Rope 暗索 in.London.and@sketched.the 4
[1823] Sora 空空 manifold.gradation@of.social 2
[1831] 0
[1838] 0
[1841] Durin 杜林 Proletariat@From.the 1
[1850] Bison 拜松 one.another@carried.on 1
[1857] 0
[1862] 0
[1864] -1
[1867] Bibeak 柏喙 rising.bourgeoisie@The.EastInd 1
[1871] 0
[1881] 0
[1885] GreyThroat 灰喉 means.of.exchange@and.in 2
[1893] Eyjafjalla 艾雅法拉 but.established@new.classes 1
[1902] Schwarz 黑黑 and.Danish@languages.I 1
[1905] Courier 讯使 more.splitting@up.into 1
[1911] Gravel 砾砾 trade.with@the.colonies 4
[1915] Amiya 阿米娅 commodities@generally.gave 2
[1922] 0
[1930] Deepcolor 深海色 The.modern@bourgeois.society 3
[1935] Mousse 慕斯 itself.a.Power@II.It 4
[1936] Fang 芬芬 to.commerce@to.navigation 3
[1940] Nian 年年 in.the.common@ruin.of 1
[1949] 0
[1957] Hung 吽吽 that.has.sprouted@from.the 3
[1965] 0
[1974] 0
[1980] Hung 吽吽 that.has.sprouted@from.the 3
[1985] 0
[1991] -1
[1996] Sideroca 铸铁 of.the.earliest@towns.From 2
[2001] Purestream 清流 this.distinctive@feature.it 2
[2010] Gavial 嘉维尔 each.other@Bourgeoisie.and 1
[2013] -1
[2015] Sora 空空 manifold.gradation@of.social 2
[2021] 0
[2022] 0
[2027] 0
[2029] 0
[2035] Sideroca 铸铁 of.the.earliest@towns.From 2
[2040] Liskarm 雷蛇 the.Spectre@of.Communism 3
[2049] 0
[2051] Gummy 古米 new.conditions@of.oppression 4
[2055] 0
[2058] Rope 暗索 in.London.and@sketched.the 4
[2068] 0
[2077] 0
[2085] 0
[2086] 0
[2092] Gummy 古米 new.conditions@of.oppression 4
[2095] Ambriel 安比尔 the.bourgeoisie@possesses.howe 3
[2096] Magallan 麦哲伦 arrangement@of.society 2
[2101] Gravel 砾砾 trade.with@the.colonies 4
[2105] Eyjafjalla 艾雅法拉 but.established@new.classes 1
[2112] Courier 讯使 more.splitting@up.into 1
[2118] Siege 推进之王 in.a.revolutionary@reconstitut 1
[2124] Savage 暴行 fresh.ground@for.the 1
[2126] Rope 暗索 in.London.and@sketched.the 4
[2130] Broca 布洛 serfs.of.the@Middle.Ages 4
[2137] Greyy 格雷 new.forms.of@struggle.in 4
[2144] Frostleaf 霜叶 existing.societies@is.the 1
[2148] Schwarz 黑黑 and.Danish@languages.I 1
[2150] 0
[2160] Weedy 温蒂 with.a.Manifesto@of.the 2
[2162] -1
[2169] 0
[2170] 0
[2175] 0
[2184] Scavenger 清道夫 opposition@parties.as 3
[2186] Snowsant 雪雉 is.the.Opposition@that.has 3
[2195] Zima 凛冬 classes.again@subordinate.grad 1
[2204] Gummy 古米 new.conditions@of.oppression 4
[2211] Phantom 傀影 following.Manifesto@to.be 2
[2220] Ceobe 刻俄柏 development@The.feudal 4
[2228] Sussurro 苏苏洛 into.various@orders.a 1
[2230] 0
[2240] 0
[2248] Ceobe 刻俄柏 development@The.feudal 4
[2249] Hellagur 赫拉格 meet.this.nursery@tale.of 3
[2258] Franka 芙兰卡 and.Chinese@markets.the 1
[2262] Purestream 清流 this.distinctive@feature.it 2
[2266] 0
[2267] 0
[2268] Gavial 嘉维尔 each.other@Bourgeoisie.and 1
[2278] 0
[2280] 0
[2283] NoirCorne 黑角 face.of.the@whole.world 4
[2290] Deepcolor 深海色 The.modern@bourgeois.society 3
[2291] Popukar 泡普卡 journeymen@apprentices.serfs 1
[2296] 0
[2304] 0
[2310] Gravel 砾砾 trade.with@the.colonies 4
[2313] Gravel 砾砾 trade.with@the.colonies 4
[2322] 0
[2332] 0
[2340] 0
[2346] Greyy 格雷 new.forms.of@struggle.in 4
[2354] 0
[2355] Ceobe 刻俄柏 development@The.feudal 4
[2365] Utage 宴宴 never.before@known.and 2
[2374] Sideroca 铸铁 of.the.earliest@towns.From 2
[2376] Silence 赫默 has.simplified@the.class 2
[2386] Greyy 格雷 new.forms.of@struggle.in 4
[2392] WaaiFu 槐琥 have.patricians@knights.plebei 1
[2398] Blaze 煌煌 against.the@more.advanced 1
[2406] Schwarz 黑黑 wants.of.the@new.markets 1
[2416] 0
[2423] 0
[2425] Eyjafjalla 艾雅法 its.place.The@guildmasters.wer 1
[2432] 0
[2442] 0
[2445] Durin 杜林 Proletariat@From.the 1
[2454] Weedy 温蒂 with.a.Manifesto@of.the 2
[2463] Mousse 慕斯 itself.a.Power@II.It 4
[2470] Eyjafjalla 艾雅法 its.place.The@guildmasters.wer 1
[2480] W 达不溜 French.German@Italian.Flemish 2
[2485] Hellagur 赫拉格 meet.this.nursery@tale.of 3
[2488] Ptilopsis 白面鸮 element.in@the.tottering 3
[2495] Lava 炎熔 feudal.society@a.rapid 1
[2499] Aak 阿阿 an.uninterrupted@now.hidden 1
[2503] Scavenger 清道 the.manufacturing@middle.class 3
[2509] Sideroca 铸铁 of.the.earliest@towns.From 2
[2512] Bison 拜松 one.another@carried.on 1
[2513] 0
[2518] Bibeak 柏喙 rising.bourgeoisie@The.EastInd 1
[2519] Reed 苇草 industrial@production.was 3
[2523] Purestream 清流 this.distinctive@feature.it 2
[2525] 0
[2531] 0
[2536] 0
[2543] Silence 赫默 has.simplified@the.class 2
[2551] Purestream 清流 this.distinctive@feature.it 2
[2558] Meteor 流星 to.industry@an.impulse 2
[2559] Aak 阿阿 an.uninterrupted@now.hidden 1
[2568] -1
[2572] Midnight 月见夜 a.whole.is@more.and 3
[2574] Silence 赫默 has.simplified@the.class 2
[2584] 0
[2586] 0
[2587] 0
[2589] Savage 暴行 fresh.ground@for.the 1
[2596] Ceobe 刻俄柏 vanished.in@the.face 4
[2606] Sussurro 苏苏洛 of.division@of.labour 1
[2611] Siege 推进之王 in.a.revolutionary@reconstitut 1
[2616] Frostleaf 霜叶 existing.societies@is.the 1
[2620] 0
[2626] 0
[2632] Orchid 梓兰 two.great.classes@directly.fac 1
[2634] Frostleaf 霜叶 existing.societies@is.the 1
[2638] Ptilopsis 白面鸮 element.in@the.tottering 3
[2644] Breeze 微风 now.open.fight@a.fight 1
[2645] 0
[2651] 0
[2658] Hellagur 赫拉格 meet.this.nursery@tale.of 3
[2667] Greyy 格雷 new.forms.of@struggle.in 4
[2676] Schwarz 黑黑 wants.of.the@new.markets 1
[2681] Magallan 麦哲伦 arrangement@of.society 2
[2686] FEater 食铁兽 not.done.away@with.class 1
[2690] NoirCorne 黑角 face.of.the@whole.world 4
[2694] Gravel 砾砾 trade.with@the.colonies 4
[2696] Ceylon 锡兰 The.manufacturing@system.took 4
[2701] Croissant 可颂 ruins.of.feudal@society.has 4
[2702] 0
[2709] 0
[2713] Magallan 麦哲伦 arrangement@of.society 2
[2715] Magallan 麦哲伦 arrangement@of.society 2
[2724] Amiya 阿米娅 commodities@generally.gave 2
[2729] Conviction 断罪者 that.each.time@ended.either 2
[2734] Haze 夜烟 antagonisms@Society.as 3
[2736] Bison 拜松 one.another@carried.on 1
[2743] Executor 送葬人 two.great.hostile@camps.into 1
[2744] Matterhorn 角峰 pushed.on.one@side.by 4
[2752] Angelina 安洁莉娜 monopolised@by.closed 1
[2757] Angelina 安洁莉娜 monopolised@by.closed 1
[2765] Exusiai 能天使 growing.the@demand.ever 1
[2769] WaaiFu 槐琥 have.patricians@knights.plebei 1
[2772] Purestream 清流 this.distinctive@feature.it 2
[2773] Weedy 温蒂 with.a.Manifesto@of.the 2
[2778] Matterhorn 角峰 pushed.on.one@side.by 4
[2787] Shining 闪灵 publish.their@views.their 1
[2796] Savage 暴行 fresh.ground@for.the 1
[2804] Croissant 可颂 ruins.of.feudal@society.has 4
[2814] 0
[2818] -1
[2819] 0
[2821] 0
[2828] -1
[2833] -1
[2842] Broca 布洛 serfs.of.the@Middle.Ages 4
[2852] Hibiscus 芙蓉 thereby.to@the.revolutionary 2
[2855] Grani 格拉尼 in.a.word.oppressor@and.oppres 1
[2861] Schwarz 黑黑 wants.of.the@new.markets 1
[2864] 0
[2871] Reed 苇草 industrial@production.was 3
[2873] Sesa 慑砂 everywhere@a.complicated 4
[2881] Lava 炎熔 feudal.society@a.rapid 1
[2882] Blaze 煌煌 against.the@more.advanced 1
[2883] Durin 杜林 Proletariat@From.the 1
[2885] Provence 普罗旺斯 aims.their@tendencies.and 4
[2894] 0
[2904] 0
[2914] Midnight 月见夜 a.whole.is@more.and 3
[2917] Hung 吽吽 that.has.sprouted@from.the 3
[2919] Orchid 梓兰 two.great.classes@directly.fac 1
[2926] Silence 赫默 has.simplified@the.class 2
[2931] Rope 暗索 in.London.and@sketched.the 4
[2939] Shining 闪灵 publish.their@views.their 1
[2948] -1
[2956] Bibeak 柏喙 rising.bourgeoisie@The.EastInd 1
[2962] Ambriel 安比尔 the.bourgeoisie@possesses.howe 3
[2969] GreyThroat 灰喉 means.of.exchange@and.in 2
[2974] Haze 夜烟 antagonisms@Society.as 3
[2982] 0
[2984] Frostleaf 霜叶 existing.societies@is.the 1
[2989] Phantom 傀影 following.Manifesto@to.be 2
[2995] Franka 芙兰卡 and.Chinese@markets.the 1
[3000] Greyy 格雷 new.forms.of@struggle.in 4
[3008] Snowsant 雪雉 is.the.Opposition@that.has 3
[3017] Ambriel 安比尔 the.bourgeoisie@possesses.howe 3
[3025] Savage 暴行 fresh.ground@for.the 1
[3029] Meteor 流星 to.industry@an.impulse 2
[3038] 0
[3042] Ceylon 锡兰 The.manufacturing@system.took 4
[3048] FEater 食铁兽 not.done.away@with.class 1
[3050] Siege 推进之王 in.a.revolutionary@reconstitut 1
[3053] 0
[3056] 0
[3059] Sora 空空 manifold.gradation@of.social 2
[3065] Hibiscus 芙蓉 thereby.to@the.revolutionary 2
[3073] Mayer 梅尔 production@The.place 2
[3078] 0
[3086] 0
[3090] Orchid 梓兰 two.great.classes@directly.fac 1
[3094] NoirCorne 黑角 face.of.the@whole.world 4
[3103] Nian 年年 in.the.common@ruin.of 1
[3109] -1
[3119] Beehunter 猎蜂 longer.sufficed@Thereupon.stea 4
[3120] Eyjafjalla 艾雅法 its.place.The@guildmasters.wer 1
[3126] Sussurro 苏苏洛 of.division@of.labour 1
[3131] Myrrh 末药 system.of.industry@under.which 4
[3139] Grani 格拉尼 in.a.word.oppressor@and.oppres 1
[3142] Utage 宴宴 never.before@known.and 2
[3146] Orchid 梓兰 by.the.giant@Modern.Industry 1
[3153] Provence 普罗旺斯 aims.their@tendencies.and 4
[3162] W 达不溜 French.German@Italian.Flemish 2
[3164] Snowsant 雪雉 is.the.Opposition@that.has 3
[3174] Rope 暗索 in.London.and@sketched.the 4
[3182] Ambriel 安比尔 the.bourgeoisie@possesses.howe 3
[3184] 0
[3192] Bibeak 柏喙 rising.bourgeoisie@The.EastInd 1
[3195] Franka 芙兰 and.Chinese@markets.the 1
[3199] Zima 凛冬 classes.again@subordinate.grad 1
[3203] Shamare 巫恋 rising.Even@manufacture.no 2
[3213] Ansel 安赛尔 opponents.in@power.Where 4
[3221] Hung 吽吽 that.has.sprouted@from.the 3
[3224] Breeze 微风 the.place.of@the.industrial 1
[3226] Mostima 莫斯提马 of.America@the.rounding 1
[3229] Franka 芙兰 and.Chinese@markets.the 1
[3236] Shamare 巫恋 rising.Even@manufacture.no 2
[3243] 0
[3251] 0
[3254] Savage 暴行 fresh.ground@for.the 1
[3259] Midnight 月见夜 a.whole.is@more.and 3
[3260] Grani 格拉尼 in.a.word.oppressor@and.oppres 1
[3262] Mostima 莫斯提马 of.America@the.rounding 1
[3267] Scavenger 清道 millionaires@the.leaders 3
[3273] 0
[3280] Eyjafjalla 艾雅法 its.place.The@guildmasters.wer 1
[3281] Shamare 巫恋 rising.Even@manufacture.no 2
[3290] 0
[3294] NoirCorne 黑角 face.of.the@whole.world 4
[3304] Executor 送葬人 two.great.hostile@camps.into 1
[3307] 0
[3312] 0
[3313] Utage 宴宴 never.before@known.and 2
[3322] Eyjafjalla 艾雅法 its.place.The@guildmasters.wer 1
[3327] Nian 年年 in.the.common@ruin.of 1
[3329] Mousse 慕斯 itself.a.Power@II.It 4
[3333] Utage 宴宴 never.before@known.and 2
[3338] Utage 宴宴 never.before@known.and 2
[3341] Popukar 泡普卡 journeymen@apprentices.serfs 1
[3350] Durin 杜林 Proletariat@From.the 1
[3356] Frostleaf 霜叶 existing.societies@is.the 1
[3364] Gummy 古米 new.conditions@of.oppression 4
[3369] Gravel 砾砾 trade.with@the.colonies 4
[3373] 0
[3374] Mayer 梅尔 production@The.place 2
[3375] Vulcan 火神 and.machinery@revolutionised.i 3
[3382] Shamare 巫恋 rising.Even@manufacture.no 2
[3392] W 达不溜 French.German@Italian.Flemish 2
[3399] Franka 芙兰 and.Chinese@markets.the 1
[3403] 0
[3407] 0
[3417] 0
[3425] 0
[3429] 0
[3431] 0
[3441] 0
[3447] 0
[3451] 0
[3458] 0
[3468] 0
[3470] 0
[3475] 0
[3484] 0
[3486] 0
[3488] 0
[3491] 0
[3497] 0
[3500] 0
[3504] 0
[3514] 9327456
[3521] 393859767
[3524] 1
puzzletheNewWorld 北京市 08-06 07:37 -> 广西梧州市 08-06 14:57 2594 63242
[3532] 109942997
[3538] 82942286
[3543] 1
INSCRIPTIONS 湖南省韶山市 06-29 03:05 -> 安徽省桐城市 06-29 04:13 3893 70652
[3552] 1
AndtodefineAmeric 黑龙江省双城市 06-17 13:02 -> 山西省运城市 06-18 02:16 10339 63369
[3561] 35760879
[3570] 1
AndtodefineAmeric 辽宁省辽阳市 08-18 06:45 -> 湖南省冷水江市 08-19 05:58 18763 63369
[3573] 3139389
[3576] 1
TOtheeoldcause 云南省开远市 07-22 13:06 -> 河南省登封市 07-22 23:42 10149 76748
[3584] 1
AndtodefineAmeric 辽宁省辽阳市 07-25 06:45 -> 湖南省冷水江市 07-26 05:58 18763 63369
[3594] 0
[3601] 8061879
[3603] 1
TOTHEEOLDCAUSE 江西省吉安市 06-25 06:34 -> 河南省巩义市 06-25 14:30 10194 96526
[3608] 142328850
[3618] 1
LeavesofGrass 福建省莆田市 07-15 21:43 -> 河北省石家庄市 07-16 12:19 14378 28660
[3621] 1
TOTHEEOLDCAUSE 黑龙江省北安市 07-14 19:59 -> 广东省阳春市 07-15 17:10 19291 96526
[3629] 36259310
[3630] 1
IHEARDthatyouask 山东省诸城市 07-16 00:54 -> 黑龙江省海林市 07-16 20:50 24228 66633
[3632] 1
LeavesofGrass 山东省栖霞市 08-10 00:32 -> 福建省漳州市 08-10 02:04 738 28660
[3641] 10852350
[3648] 13959425
[3652] 0
[3661] 1
AndtodefineAmeric 山东省即墨市 07-19 14:37 -> 湖南省冷水江市 07-20 05:58 11865 63369
[3666] 1
LeavesofGrass 北京市 08-05 13:47 -> 天津市 08-06 09:51 22653 28033
[3675] 102676540
[3676] 1
ThereforeIsendyou 广西岑溪市 07-08 18:01 -> 新疆喀什市 07-08 23:20 7499 60364
[3679] 1
AndtodefineAmeric 黑龙江省双城市 07-13 13:02 -> 山西省运城市 07-14 02:16 10339 63369
[3689] 1
INSCRIPTIONS 陕西省延安市 07-21 23:39 -> 湖南省韶山市 07-22 02:56 7976 70652
[3694] 330213865
[3701] 1
TOtheeoldcause 吉林省公主岭市 08-04 17:21 -> 辽宁省本溪市 08-05 10:36 15251 76748
[3703] 1
puzzletheNewWorld 广西梧州市 07-15 15:00 -> 山东省淄博市 07-16 04:45 3128 63242
[3710] 1
INSCRIPTIONS 江西省南昌市 07-02 22:02 -> 湖南省韶山市 07-03 02:56 10452 70652
[3718] 1
INSCRIPTIONS 辽宁省沈阳市 07-23 05:05 -> 福建省永安市 07-23 14:39 10100 70652
[3723] 51555394
[3733] 8121690
[3738] 1
TOTHEEOLDCAUSE 湖北省广水市 07-10 03:15 -> 广东省阳春市 07-10 17:10 15125 96526
[3743] 1
whatyouwanted 河北省鹿泉市 06-21 15:07 -> 黑龙江省七台河市 06-22 01:21 14682 77031
[3746] 296981018
[3749] 1598508
[3752] 4762113
[3758] 0
[3768] 49034528
[3772] 78564618
[3775] 1
AndtodefineAmeric 黑龙江省双城市 07-19 13:02 -> 天津市 07-19 22:44 5774 63369
[3785] 1
whatyouwanted 吉林省舒兰市 07-19 19:24 -> 黑龙江省七台河市 07-20 01:21 8913 77031
[3792] 6497165
[3794] 29759100
[3804] 1
LeavesofGrass 福建省莆田市 08-03 21:43 -> 河北省石家庄市 08-04 12:19 14378 28660
[3813] 1
IHEARDthatyouask 辽宁省辽阳市 08-06 08:18 -> 广东省恩平市 08-06 16:32 8752 66633
[3821] 368989105
[3830] 1
TOTHEEOLDCAUSE 黑龙江省北安市 07-22 19:59 -> 河南省巩义市 07-23 14:30 15426 96526
[3835] 1
TOFOREIGNLANDS 福建省建阳市 07-28 12:58 -> 四川省峨眉山市 07-28 23:47 4503 92416
[3837] 22539888
[3845] 0
[3850] 7013622
[3854] 1
ThereforeIsendyou 江西省宜春市 06-20 05:12 -> 湖南省吉首市 06-20 17:56 19435 60364
[3860] 53654552
[3861] 1
AndtodefineAmeric 天津市 06-28 22:54 -> 山西省运城市 06-29 02:16 4565 63369
[3865] 1
LeavesofGrass 北京市 08-11 13:47 -> 浙江省瑞安市 08-11 19:55 8573 28660
[3866] 1
INSCRIPTIONS 福建省永安市 07-04 14:45 -> 浙江省永康市 07-04 21:33 2049 70652
[3876] 1
whatyouwanted 北京市 07-09 13:43 -> 江苏省泰州市 07-09 16:16 2463 77031
[3882] 16271340
[3891] 45477600
[3896] 0
[3900] 1
LeavesofGrass 河北省晋州市 07-14 05:35 -> 广东省罗定市 07-14 06:20 256 28660
[3901] 1
TOtheeoldcause 吉林省公主岭市 07-06 17:21 -> 湖北省老河口市 07-06 20:44 3155 76748
[3906] 0
[3913] 0
[3922] 1
LeavesofGrass 重庆市南川市 07-31 16:06 -> 广东省罗定市 08-01 06:20 19243 28660
[3923] 1
IHEARDthatyouask 湖北省恩施市 07-15 03:46 -> 辽宁省辽阳市 07-15 08:08 3132 66633
[3933] 1
puzzletheNewWorld 广西梧州市 07-17 15:00 -> 山东省淄博市 07-18 04:45 3128 63242
[3941] 33774370
[3942] 1
whatyouwanted 辽宁省沈阳市 07-20 10:39 -> 浙江省余姚市 07-20 11:43 692 77031
[3945] 34630173
[3947] 435162635
[3950] 1
AndtodefineAmeric 甘肃省兰州市 06-30 20:12 -> 山西省运城市 07-01 02:16 7068 63369
[3955] 1
ThereforeIsendyou 江苏省海门市 07-04 01:21 -> 广东省鹤山市 07-04 09:38 22484 60364
[3964] 33905379
[3972] 1
TOtheeoldcause 北京市 07-13 09:51 -> 云南省开远市 07-13 13:03 3566 76748
[3975] 34248366
[3985] 1
whatyouwanted 黑龙江省七台河市 07-11 01:28 -> 江苏省无锡市 07-11 09:50 10169 77031
[3988] 13750680
[3991] 26759095
[3994] 66787380
[4000] 1
IHEARDthatyouask 湖北省恩施市 08-06 03:46 -> 福建省龙岩市 08-06 17:57 14752 66633
[4009] 114247152
[4017] 128414895
[4023] 86765760
[4026] 1
INSCRIPTIONS 河北省衡水市 06-23 01:44 -> 陕西省华阴市 06-23 08:04 19274 70652
[4031] 9883082
[4034] 1
IHEARDthatyouask 河南省邓州市 06-29 10:18 -> 浙江省台州市 06-29 19:52 14807 66633
[4038] 1
puzzletheNewWorld 浙江省杭州市 07-23 19:30 -> 山东省淄博市 07-24 04:45 2519 63242
[4048] 77182296
[4050] 37706384
[4059] 1
[success] LeavesofGrass 福建省莆田市 07-31 21:43 -> 福建省漳州市 08-01 02:04 5541 6119
[4061] 17011232
[4071] 37721568
[4072] 13041742
[4080] 21011256
[4089] 29169450
[4094] 1117104
[4100] 0
[4104] 1
[refunded] LeavesofGrass 重庆市南川市 08-09 16:06 -> 浙江省瑞安市 08-09 19:55 8337 967
[4110] 115980416
[4116] 1
INSCRIPTIONS 江苏省新沂市 07-14 18:09 -> 浙江省永康市 07-14 21:33 1119 70652
[4117] 1
puzzletheNewWorld 北京市 08-11 07:37 -> 浙江省杭州市 08-11 19:27 3203 63242
[4118] 1
TOTHEEOLDCAUSE 吉林省长春市 07-06 23:27 -> 河北省冀州市 07-07 07:48 6088 96526
[4123] 6417530
[4130] 83040754
[4133] 19493600
[4140] 4994948
[4144] 1
TOtheeoldcause 河南省登封市 07-04 23:50 -> 河南省南阳市 07-05 03:24 1923 76748
[4146] 1
ThereforeIsendyou 江苏省海门市 06-13 01:21 -> 黑龙江省铁力市 06-13 13:35 26182 60364
[4156] 25323540
[4158] 1
LeavesofGrass 山东省栖霞市 07-14 00:32 -> 广东省江门市 07-14 11:14 6534 25621
[4162] 61490160
[4165] 1
AndtodefineAmeric 黑龙江省双城市 06-06 13:02 -> 山东省即墨市 06-06 14:34 860 63369
[4175] 1
TOTHEEOLDCAUSE 黑龙江省北安市 07-11 19:59 -> 河南省巩义市 07-12 14:30 15426 96526
[4185] 1
ThereforeIsendyou 山西省朔州市 06-17 21:19 -> 贵州省贵阳市 06-18 02:57 11677 60364
[4192] 1
INSCRIPTIONS 湖南省韶山市 06-25 03:05 -> 安徽省桐城市 06-25 04:13 3893 56769
[4202] 396244
[4212] 1
TOFOREIGNLANDS 安徽省滁州市 08-15 05:11 -> 四川省峨眉山市 08-15 23:47 24083 92416
[4219] 1
whatyouwanted 广东省雷州市 07-01 21:41 -> 浙江省余姚市 07-02 11:43 16958 77031
[4222] 1
ThereforeIsendyou 山东省莱西市 06-27 15:31 -> 广东省英德市 06-28 04:08 19147 60364
[4225] 6255768
[4226] 1
puzzletheNewWorld 浙江省杭州市 07-18 19:30 -> 山东省淄博市 07-19 04:45 2519 63242
[4230] 1
TOtheeoldcause 浙江省永康市 08-05 11:39 -> 湖北省老河口市 08-05 20:44 8667 76748
[4236] 954624
[4243] 8253504
[4245] 902964
[4248] 80705128
[4249] 438318429
[4252] 113379196
[4260] 145497464
[4270] 33479460
[4277] 1
TOTHEEOLDCAUSE 江西省吉安市 07-23 06:34 -> 广东省阳春市 07-23 17:10 14059 96526
[4282] 22706067
[4285] 1
TOFOREIGNLANDS 河南省鹤壁市 07-21 08:16 -> 河北省任丘市 07-21 21:48 18853 92416
[4288] 1
puzzletheNewWorld 北京市 07-14 07:37 -> 广西梧州市 07-14 14:57 2594 63242
[4291] 102301956
[4293] 25307919
[4294] 226512800
[4303] 0
[4311] 36073708
[4317] 1
whatyouwanted 江苏省泰州市 07-01 16:19 -> 江苏省无锡市 07-02 09:50 23461 77031
[4326] 720498
[4328] 1
ThereforeIsendyou 新疆喀什市 06-22 23:23 -> 广东省英德市 06-23 04:08 10404 60364
[4336] 68114040
[4342] 2
[success] TOFOREIGNLANDS 广东省清远市 08-10 18:22 -> 四川省峨眉山市 08-10 23:47 1521 16639
[success] INSCRIPTIONS 陕西省华阴市 06-24 08:08 -> 河南省义马市 06-24 13:22 4867 17062
[4346] 1
TOtheeoldcause 吉林省公主岭市 08-05 17:21 -> 河南省登封市 08-05 23:42 7998 76748
[4350] 32695572
[4356] 1
puzzletheNewWorld 北京市 07-31 07:37 -> 山东省淄博市 08-01 04:45 5722 63242
[4364] 13756584
[4370] 1
AndtodefineAmeric 辽宁省辽阳市 07-07 06:45 -> 天津市 07-07 22:44 11812 63369
[4372] 1
TOFOREIGNLANDS 湖北省黄石市 06-23 01:26 -> 河北省任丘市 06-23 21:48 24098 92416
[4377] 1
ThereforeIsendyou 广西岑溪市 06-28 18:01 -> 广东省英德市 06-29 04:08 17903 60364
[4381] 1
TOtheeoldcause 北京市 07-08 09:51 -> 江苏省昆山市 07-09 05:04 16832 76748
[4386] 18073620
[4387] 4
[success] INSCRIPTIONS 北京市 07-06 19:43 -> 安徽省桐城市 07-07 04:13 15384 2452
[success] LeavesofGrass 山东省栖霞市 08-01 00:32 -> 四川省德阳市 08-01 09:14 4568 3724
[success] LeavesofGrass 山东省栖霞市 08-07 00:32 -> 河北省石家庄市 08-07 12:19 9575 3108
[success] INSCRIPTIONS 河北省衡水市 07-01 01:44 -> 湖南省韶山市 07-01 02:56 6719 16363
[4397] 54780180
[4398] 1
INSCRIPTIONS 陕西省延安市 06-30 23:39 -> 河南省义马市 07-01 13:22 25398 54289
[4407] 31438827
[4410] 1
INSCRIPTIONS 陕西省华阴市 07-12 08:08 -> 河南省义马市 07-12 13:22 4867 70652
[4417] 102231972
[4421] 1
INSCRIPTIONS 湖南省韶山市 07-15 03:05 -> 陕西省华阴市 07-15 08:04 12555 70652
[4425] 102410000
[4426] 1
TOtheeoldcause 云南省开远市 07-19 13:06 -> 吉林省公主岭市 07-19 17:11 2151 76748
[4427] 13965417
[4429] 1
whatyouwanted 内蒙集宁市 06-30 12:49 -> 湖南省资兴市 06-30 16:54 3814 77031
[4438] 1
INSCRIPTIONS 河北省衡水市 06-28 01:44 -> 湖南省韶山市 06-28 02:56 6719 70652
[4440] 15452320
[4442] 48415897
[4446] 1
puzzletheNewWorld 北京市 08-22 07:37 -> 山东省淄博市 08-23 04:45 5722 63242
[4450] 1
ThereforeIsendyou 山东省莱西市 08-09 15:31 -> 广东省鹤山市 08-10 09:38 33660 60364
[4454] 1
TOFOREIGNLANDS 湖北省黄石市 08-08 01:26 -> 四川省峨眉山市 08-08 23:47 24297 92416
[4460] 1
AndtodefineAmeric 贵州省安顺市 07-02 11:55 -> 山西省运城市 07-03 02:16 14822 63369
[4470] 193542240
[4473] 1
puzzletheNewWorld 浙江省杭州市 07-31 19:30 -> 山东省淄博市 08-01 04:45 2519 63242
[4476] 1
whatyouwanted 北京市 07-06 13:43 -> 吉林省舒兰市 07-06 19:20 6842 77031
[4477] 34670262
[4486] 29701136
[4489] 1
IHEARDthatyouask 湖北省恩施市 08-18 03:46 -> 河南省辉县市 08-18 11:27 7220 66633
[4496] 111190280
[4497] 18379416
[4502] 1
INSCRIPTIONS 河北省衡水市 07-02 01:44 -> 安徽省桐城市 07-02 04:13 10612 53131
[4509] 1
AndtodefineAmeric 辽宁省辽阳市 08-23 06:45 -> 云南省昆明市 08-24 00:07 15897 63369
[4515] 1
IHEARDthatyouask 贵州省福泉市 08-07 22:30 -> 湖北省恩施市 08-08 03:43 3013 66633
[4521] 27167594
[4527] 83081589
[4535] 1
IHEARDthatyouask 广东省南雄市 08-17 05:34 -> 辽宁省辽阳市 08-17 08:08 480 66633
[4536] 28873096
[4542] 2
[success] INSCRIPTIONS 河北省衡水市 06-21 01:44 -> 吉林省龙井市 06-21 02:20 3647 9180
[success] LeavesofGrass 河北省晋州市 07-17 05:35 -> 四川省德阳市 07-17 09:14 1823 7154
[4551] 1
IHEARDthatyouask 湖南省湘潭市 07-17 04:50 -> 广东省恩平市 07-17 16:32 11332 66633
[4552] 8403318
[4554] 1
[refunded] LeavesofGrass 重庆市南川市 08-09 16:06 -> 浙江省瑞安市 08-09 19:55 8337 967
[4556] 3
[success] LeavesofGrass 浙江省瑞安市 07-18 20:04 -> 福建省莆田市 07-18 21:35 3102 2709
[success] puzzletheNewWorld 北京市 08-19 07:37 -> 广西梧州市 08-19 14:57 2594 14536
[success] ThereforeIsendyou 广西岑溪市 07-15 18:01 -> 广东省英德市 07-16 04:08 17903 7950
[4558] 1062426
[4564] 5469502
[4571] 1
TOFOREIGNLANDS 河南省鹤壁市 07-10 08:16 -> 四川省都江堰市 07-10 09:22 4712 92416
[4579] 63142090
[4586] 1
AndtodefineAmeric 贵州省安顺市 08-04 11:55 -> 天津市 08-04 22:44 10257 63369
[4588] 1017420
[4595] 1
TOtheeoldcause 吉林省蛟河市 07-24 04:07 -> 浙江省永康市 07-24 11:35 1379 76748
[4600] 41353296
[4605] 36789225
[4615] 23051592
[4622] 1
TOtheeoldcause 浙江省永康市 06-19 11:39 -> 吉林省公主岭市 06-19 17:11 5512 76748
[4626] 27654444
[4631] 83331705
[4633] 15537386
[4640] 31518630
[4642] 1
TOtheeoldcause 吉林省蛟河市 07-25 04:07 -> 云南省开远市 07-25 13:03 4740 76748
[4643] 1804180
[4651] 191585790
[4655] 1
ThereforeIsendyou 新疆喀什市 06-15 23:23 -> 江苏省海门市 06-16 01:12 2433 60364
[4656] 7103776
[4666] 1
IHEARDthatyouask 湖北省恩施市 08-07 03:46 -> 江苏省太仓市 08-07 23:24 27117 66633
[4672] 1
TOTHEEOLDCAUSE 江西省吉安市 07-23 06:34 -> 广东省阳春市 07-23 17:10 14059 96526
[4678] 1
INSCRIPTIONS 北京市 07-09 19:43 -> 陕西省延安市 07-09 23:33 3515 62320
[4686] 1
TOFOREIGNLANDS 江西省乐平市 08-04 05:40 -> 江西省上饶市 08-04 16:27 19237 92416
[4696] 1
INSCRIPTIONS 江西省南昌市 07-24 22:02 -> 安徽省桐城市 07-25 04:13 14345 70652
[4706] 1
TOtheeoldcause 云南省开远市 06-23 13:06 -> 辽宁省本溪市 06-24 10:36 17402 76748
[4713] 1
AndtodefineAmeric 天津市 06-15 22:54 -> 云南省昆明市 06-16 00:07 4085 63369
[4719] 1
LeavesofGrass 重庆市南川市 08-11 16:06 -> 浙江省瑞安市 08-11 19:55 8337 27532
[4722] 27755832
[4730] 58014905
[4733] 1
whatyouwanted 广东省雷州市 06-27 21:41 -> 浙江省余姚市 06-28 11:43 16958 77031
[4743] 1
TOtheeoldcause 浙江省永康市 08-03 11:39 -> 河南省新郑市 08-04 07:51 16864 76748
[4747] 1
LeavesofGrass 重庆市南川市 08-10 16:06 -> 福建省漳州市 08-11 02:04 16980 26575
[4752] 16179308
[4758] 73234740
[4767] 1
puzzletheNewWorld 北京市 08-22 07:37 -> 广西梧州市 08-22 14:57 2594 63242
[4771] 1
INSCRIPTIONS 吉林省龙井市 07-19 02:29 -> 安徽省桐城市 07-19 04:13 6965 70652
[4779] 1
IHEARDthatyouask 山东省诸城市 07-08 00:54 -> 辽宁省辽阳市 07-08 08:08 4304 66633
[4786] 329220182
[4792] 1
TOTHEEOLDCAUSE 河北省冀州市 06-27 07:52 -> 河南省巩义市 06-27 14:30 8260 96526
[4798] 96661760
[4807] 178305400
[4811] 1
ThereforeIsendyou 江苏省海门市 07-14 01:21 -> 湖南省吉首市 07-14 17:56 32341 60364
[4812] 1
ThereforeIsendyou 山西省朔州市 07-05 21:19 -> 江苏省海门市 07-06 01:12 6779 60364
[4813] 14760130
[4816] 49816200
[4822] 11359108
[4828] 1
TOFOREIGNLANDS 安徽省滁州市 07-14 05:11 -> 贵州省贵阳市 07-14 10:01 14680 92416
[4834] 1
AndtodefineAmeric 辽宁省辽阳市 06-07 06:45 -> 云南省昆明市 06-08 00:07 15897 63369
[4839] 53972464
[4847] 14416680
[4857] 1
TOtheeoldcause 河南省新郑市 07-09 08:00 -> 辽宁省本溪市 07-09 10:36 3899 76748
[4860] 1
[success] LeavesofGrass 浙江省瑞安市 07-24 20:04 -> 福建省莆田市 07-24 21:35 3102 2261
[4866] 1
TOtheeoldcause 河南省南阳市 06-25 03:34 -> 河南省新郑市 06-25 07:51 1431 76748
[4872] 1
INSCRIPTIONS 江西省南昌市 07-09 22:02 -> 安徽省桐城市 07-10 04:13 14345 62320
[4877] 725406
[4884] 15029950
[4891] 3038941
[4892] 1
puzzletheNewWorld 北京市 08-26 07:37 -> 广西梧州市 08-26 14:57 2594 63242
[4900] 6299583
[4904] 1
TOFOREIGNLANDS 四川省都江堰市 08-04 09:31 -> 江西省上饶市 08-04 16:27 12633 92416
[4906] 1
INSCRIPTIONS 陕西省延安市 06-19 23:39 -> 福建省永安市 06-20 14:39 26820 52998
[4916] 1
TOTHEEOLDCAUSE 河北省冀州市 07-15 07:52 -> 山西省孝义市 07-15 20:53 15793 96526
[4924] 1
ThereforeIsendyou 广西岑溪市 07-17 18:01 -> 吉林省四平市 07-18 10:55 34535 60364
[4934] 1
LeavesofGrass 福建省莆田市 08-15 21:43 -> 广东省罗定市 08-16 06:20 7804 18015
[4939] 1
ThereforeIsendyou 贵州省贵阳市 08-07 03:00 -> 吉林省四平市 08-07 10:55 19705 60364
[4941] 1
IHEARDthatyouask 湖北省恩施市 08-22 03:46 -> 广东省恩平市 08-22 16:32 11884 66633
[4945] 14446992
[4951] 8631316
[4957] 175892518
[4964] 17820216
[4974] 154548487
[4983] -1
[4987] 1
ThereforeIsendyou 新疆喀什市 06-21 23:23 -> 辽宁省庄河市 06-22 15:30 29868 60364
[4988] 1
LeavesofGrass 山东省栖霞市 07-19 00:32 -> 四川省德阳市 07-19 09:14 4568 18217
[4998] 1
IHEARDthatyouask 福建省龙岩市 07-24 18:05 -> 黑龙江省海林市 07-24 20:50 8304 66633
[5003] 1
TOTHEEOLDCAUSE 河北省冀州市 07-06 07:52 -> 福建省南平市 07-06 09:45 4587 96526
[5005] 1
TOtheeoldcause 吉林省蛟河市 07-06 04:07 -> 河南省新郑市 07-07 07:51 18243 76748
[5008] 234512060
[5010] 35438489
[5018] 0
[5027] 1
whatyouwanted 山东省胶南市 07-13 11:10 -> 河北省鹿泉市 07-13 15:02 3289 77031
[5029] 1715124
[5032] TOFOREIGNLANDS O
湖北省黄石市 xx-xx xx:xx -> 08-01 01:26 0 92416
安徽省滁州市 08-01 05:01 -> 08-01 05:11 214 92416
江西省乐平市 08-01 05:31 -> 08-01 05:40 3353 92416
河南省鹤壁市 08-01 08:06 -> 08-01 08:16 5245 92416
四川省都江堰市 08-01 09:22 -> 08-01 09:31 9957 92416
贵州省贵阳市 08-01 10:01 -> 08-01 10:05 14894 92416
北京市 08-01 12:14 -> 08-01 12:23 16737 92416
福建省建阳市 08-01 12:53 -> 08-01 12:58 19794 92416
江西省上饶市 08-01 16:27 -> 08-01 16:30 22590 92416
广东省清远市 08-01 18:14 -> 08-01 18:22 22776 92416
河北省任丘市 08-01 21:48 -> 08-01 21:56 24098 92416
四川省峨眉山市 08-01 23:47 -> xx-xx xx:xx 24297 x
[5042] 36054777
[5049] 69271180
[5050] 7012240
[5055] 1
puzzletheNewWorld 北京市 08-27 07:37 -> 山东省淄博市 08-28 04:45 5722 63242
[5060] 2047458
[5061] 37492092
[5067] 1
INSCRIPTIONS 江西省南昌市 06-29 22:02 -> 浙江省永康市 06-30 21:33 31345 68999
[5072] 453849549
[5075] 15586620
[5085] 1
AndtodefineAmeric 山东省即墨市 06-14 14:37 -> 天津市 06-14 22:44 4914 63369
[5095] 59214450
[5103] 1
IHEARDthatyouask 吉林省龙井市 08-13 14:11 -> 广东省恩平市 08-13 16:32 1870 66633
[5104] 7525560
[5109] 1
TOTHEEOLDCAUSE 吉林省长春市 07-18 23:27 -> 湖北省广水市 07-19 03:08 3088 96526
[5118] 1161566
[5124] 8099699
[5129] 1
whatyouwanted 内蒙集宁市 07-23 12:49 -> 陕西省宝鸡市 07-24 05:17 16969 77031
[5138] 31257828
[5143] 213764596
[5148] 78349068
[5149] 81997320
[5155] 1
IHEARDthatyouask 黑龙江省海林市 08-07 20:59 -> 江苏省太仓市 08-07 23:24 4061 66633
[5160] 46181824
[5167] 1
ThereforeIsendyou 江苏省海门市 07-01 01:21 -> 江西省宜春市 07-01 05:06 12906 60364
[5172] 1
TOtheeoldcause 河南省南阳市 08-05 03:34 -> 江苏省昆山市 08-05 05:04 1194 76748
[5173] 4833460
[5179] 1
puzzletheNewWorld 北京市 07-23 07:37 -> 广西梧州市 07-23 14:57 2594 63242
[5189] 9084300
[5191] 1
INSCRIPTIONS 河北省衡水市 06-29 01:44 -> 陕西省渭南市 06-29 10:53 22989 70652
[5198] 31469867
[5204] 44704800
[5214] 1
puzzletheNewWorld 北京市 08-13 07:37 -> 山东省淄博市 08-14 04:45 5722 63242
[5223] 498089760
[5226] 70697355
[5231] 2193500
[5238] 1
IHEARDthatyouask 贵州省福泉市 08-04 22:30 -> 吉林省龙井市 08-05 14:04 13027 56167
[5239] 1
AndtodefineAmeric 贵州省安顺市 06-28 11:55 -> 甘肃省兰州市 06-28 20:04 7754 63369
[5247] 66839668
[5251] 5901322
[5256] 1
TOFOREIGNLANDS 河南省鹤壁市 08-19 08:16 -> 福建省建阳市 08-19 12:53 14549 92416
[5259] 0
[5265] 1
puzzletheNewWorld 北京市 08-26 07:37 -> 浙江省杭州市 08-26 19:27 3203 63242
[5274] 3436184
[5275] 1
AndtodefineAmeric 辽宁省辽阳市 06-21 06:45 -> 山东省即墨市 06-21 14:34 6898 63369
[5280] 1
INSCRIPTIONS 陕西省延安市 07-09 23:39 -> 湖南省韶山市 07-10 02:56 7976 62320
[5287] 1
ThereforeIsendyou 山西省朔州市 07-07 21:19 -> 广东省鹤山市 07-08 09:38 29263 60364
[5288] 1
whatyouwanted 河北省鹿泉市 06-22 15:07 -> 山东省泰安市 06-22 20:25 6203 77031
[5297] 175223202
[5306] 1
TOtheeoldcause 吉林省蛟河市 07-11 04:07 -> 北京市 07-11 09:45 1174 76748
[5312] 1
IHEARDthatyouask 河南省辉县市 07-27 11:34 -> 福建省龙岩市 07-27 17:57 7532 66633
[5317] 63584114
[5325] 1
puzzletheNewWorld 浙江省杭州市 07-17 19:30 -> 山东省淄博市 07-18 04:45 2519 63242
[5326] 18424444
[5329] 1
LeavesofGrass 吉林省图们市 07-20 16:42 -> 四川省德阳市 07-21 09:14 17020 14864
[5335] 1
TOFOREIGNLANDS 四川省都江堰市 08-18 09:31 -> 河北省任丘市 08-18 21:48 14141 92416
[5340] 1
TOFOREIGNLANDS 安徽省滁州市 08-03 05:11 -> 江西省上饶市 08-03 16:27 22376 92416
[5346] 1
TOFOREIGNLANDS 贵州省贵阳市 07-29 10:05 -> 北京市 07-29 12:14 1843 92416
[5353] 34784703
[5362] 6222915
[5367] 2942262
[5373] 30921933
[5380] 1
INSCRIPTIONS 湖南省韶山市 06-29 03:05 -> 辽宁省沈阳市 06-29 05:00 8744 70652
[5390] 1
whatyouwanted 江苏省无锡市 07-26 09:59 -> 辽宁省沈阳市 07-26 10:34 2072 77031
[5394] 3440791
[5400] 1
puzzletheNewWorld 北京市 08-01 07:37 -> 山东省淄博市 08-02 04:45 5722 63242
[5408] 305486946
[5411] 8973723
[5416] 1
TOtheeoldcause 吉林省蛟河市 07-14 04:07 -> 辽宁省本溪市 07-15 10:36 22142 76748
[5421] 1
LeavesofGrass 浙江省瑞安市 07-29 20:04 -> 河北省晋州市 07-30 05:30 10650 18514
[5425] 43043929
[5434] 1
TOFOREIGNLANDS 贵州省贵阳市 07-03 10:05 -> 河北省任丘市 07-03 21:48 9204 92416
[5443] 48590750
[5450] 32239587
[5455] 1
AndtodefineAmeric 黑龙江省双城市 07-16 13:02 -> 天津市 07-16 22:44 5774 63369
[5464] 8509150
[5468] 53802144
[5469] 1
ThereforeIsendyou 湖北省钟祥市 06-21 06:06 -> 辽宁省庄河市 06-21 15:30 11893 60364
[5470] 1
INSCRIPTIONS 陕西省延安市 06-24 23:39 -> 河南省义马市 06-25 13:22 25398 52613
[5473] 1
TOTHEEOLDCAUSE 黑龙江省北安市 06-25 19:59 -> 河南省巩义市 06-26 14:30 15426 96526
[5480] 1
whatyouwanted 江苏省泰州市 07-19 16:19 -> 江苏省句容市 07-20 00:11 10726 77031
[5484] 1
LeavesofGrass 福建省漳州市 08-01 02:13 -> 四川省德阳市 08-01 09:14 3830 21587
[5489] 274363000
[5493] 30703020
[5500] 39842286
[5505] 1
whatyouwanted 河北省鹿泉市 07-25 15:07 -> 广东省雷州市 07-25 21:32 10657 77031
[5510] 1
ThereforeIsendyou 江西省宜春市 08-12 05:12 -> 辽宁省庄河市 08-12 15:30 14529 60364
[5514] 111534072
[5518] 1
AndtodefineAmeric 云南省昆明市 06-21 00:16 -> 山西省运城市 06-21 02:16 480 63369
[5527] 1
puzzletheNewWorld 北京市 08-28 07:37 -> 广西梧州市 08-28 14:57 2594 63242
[5535] 4652046
[5537] 1
LeavesofGrass 吉林省图们市 08-15 16:42 -> 广东省罗定市 08-16 06:20 15453 18015
[5538] 44374358
[5543] 56018658
[5550] 1
AndtodefineAmeric 甘肃省兰州市 07-05 20:12 -> 云南省昆明市 07-06 00:07 6588 63369
[5553] 45775050
[5556] 1
ThereforeIsendyou 山西省朔州市 08-07 21:19 -> 湖北省钟祥市 08-08 06:03 22321 60364
[5561] 1
puzzletheNewWorld 广西梧州市 08-16 15:00 -> 山东省淄博市 08-17 04:45 3128 63242
[5569] 177284443
[5577] 1
INSCRIPTIONS 湖南省韶山市 06-21 03:05 -> 江苏省新沂市 06-21 18:06 19774 59974
[5579] 214859410
[5584] 67393620
[5591] 1
IHEARDthatyouask 浙江省台州市 08-12 19:59 -> 江苏省太仓市 08-12 23:24 7392 66633
[5592] 0
[5596] 1
whatyouwanted 北京市 07-19 13:43 -> 浙江省余姚市 07-20 11:43 28688 77031
[5599] 153784680
[5604] 1
IHEARDthatyouask 广东省南雄市 07-27 05:34 -> 浙江省台州市 07-27 19:52 17073 66633
[5614] 2
[success] LeavesofGrass 重庆市南川市 07-15 16:06 -> 浙江省瑞安市 07-15 19:55 8337 3709
[success] INSCRIPTIONS 湖南省韶山市 07-11 03:05 -> 浙江省永康市 07-11 21:33 20893 15805
[5621] 1
puzzletheNewWorld 广西梧州市 07-27 15:00 -> 浙江省杭州市 07-27 19:27 609 63242
[5625] 1
TOTHEEOLDCAUSE 陕西省华阴市 07-08 18:38 -> 吉林省长春市 07-08 23:17 4651 96526
[5632] 34601660
[5639] 1
INSCRIPTIONS 安徽省桐城市 07-05 04:17 -> 陕西省渭南市 07-05 10:53 12377 70652
[5648] 1
TOTHEEOLDCAUSE 湖北省广水市 07-18 03:15 -> 广东省阳春市 07-18 17:10 15125 96526
[5658] 1
TOFOREIGNLANDS 安徽省滁州市 08-19 05:11 -> 江西省上饶市 08-19 16:27 22376 92416
[5665] 1
INSCRIPTIONS 安徽省桐城市 07-04 04:17 -> 江苏省新沂市 07-04 18:06 15881 70652
[5666] 98851478
[5675] 96880520
[5682] 30929416
[5688] 27442205
[5692] 23769332
[5700] 0
[5710] 1
IHEARDthatyouask 山东省诸城市 07-22 00:54 -> 湖北省恩施市 07-22 03:43 1172 66633
[5715] 1
puzzletheNewWorld 广西梧州市 08-25 15:00 -> 山东省淄博市 08-26 04:45 3128 63242
[5723] 1
INSCRIPTIONS 辽宁省沈阳市 06-25 05:05 -> 浙江省永康市 06-25 21:33 12149 40630
[5724] 1
AndtodefineAmeric 辽宁省辽阳市 08-09 06:45 -> 湖南省冷水江市 08-10 05:58 18763 63369
[5726] 1
AndtodefineAmeric 云南省昆明市 07-31 00:16 -> 湖南省冷水江市 07-31 05:58 2866 63369
[5734] 54122800
[5743] 1
TOFOREIGNLANDS 广东省清远市 06-19 18:22 -> 河北省任丘市 06-19 21:48 1322 92416
[5750] 3846003
[5757] 264885145
[5764] 11491011
[5772] 1
LeavesofGrass 吉林省图们市 07-15 16:42 -> 河北省石家庄市 07-16 12:19 22027 14486
[5778] 1
AndtodefineAmeric 山东省即墨市 06-11 14:37 -> 湖南省冷水江市 06-12 05:58 11865 63369
[5779] 14658644
[5788] 45269240
[5796] 1
AndtodefineAmeric 甘肃省兰州市 08-20 20:12 -> 湖南省冷水江市 08-21 05:58 9454 63369
[5800] 1
Thoupeerlesspassi 云南省潞西市 06-19 18:31 -> 广东省深圳市 06-20 02:15 8219 93742
[5802] 1
ThereforeIsendyou 江苏省连云港市 07-04 19:49 -> 江苏省海门市 07-05 01:12 8038 60364
[5805] 1
IHEARDthatyouask 湖南省湘潭市 07-20 04:50 -> 浙江省台州市 07-20 19:52 19173 66633
[5814] 54398773
[5823] 1
whatyouwanted 河北省鹿泉市 07-23 15:07 -> 山东省泰安市 07-23 20:25 6203 77031
[5827] 28128171
[5834] 13358489
[5836] 1
AndtodefineAmeric 贵州省安顺市 06-09 11:55 -> 山东省即墨市 06-09 14:34 5343 63369
[5843] 32064240
[5849] 1
TOtheeoldcause 浙江省永康市 07-27 11:39 -> 湖北省老河口市 07-27 20:44 8667 76748
[5854] 13818340
[5855] 1
whatyouwanted 山东省泰安市 06-27 20:30 -> 黑龙江省讷河市 06-28 03:40 9134 77031
[5856] 78787503
[5863] 1
TOFOREIGNLANDS 四川省都江堰市 07-14 09:31 -> 贵州省贵阳市 07-14 10:01 4937 92416
[5866] 30749589
[5870] 1
whatyouwanted 河北省鹿泉市 06-24 15:07 -> 湖南省常德市 06-25 07:08 20352 77031
[5879] 1
ThereforeIsendyou 广东省英德市 08-01 04:12 -> 湖北省钟祥市 08-01 06:03 7571 55870
[5885] 53919360
[5895] 22799643
[5901] 1
whatyouwanted 黑龙江省讷河市 07-14 03:43 -> 浙江省余姚市 07-14 11:43 12278 77031
[5911] 5250240
[5917] 1
IHEARDthatyouask 贵州省福泉市 07-25 22:30 -> 广东省恩平市 07-26 16:32 14897 66633
[5926] 11634169
[5931] 0
[5938] 52183750
[5940] 1
TOtheeoldcause 湖北省老河口市 07-11 20:53 -> 辽宁省本溪市 07-12 10:36 12096 76748
[5947] 1
TOtheeoldcause 吉林省蛟河市 07-21 04:07 -> 吉林省公主岭市 07-21 17:11 6891 76748
[5949] 20500965
[5956] 79622730
[5961] 98739051
[5966] 1191680
[5976] 1
LeavesofGrass 吉林省图们市 07-12 16:42 -> 天津市 07-13 09:51 18627 22032
[5984] 101443845
[5994] 39994856
[6000] 1
TOFOREIGNLANDS 江西省乐平市 07-18 05:40 -> 福建省建阳市 07-18 12:53 16441 92416
[6010] 1
[success] INSCRIPTIONS 陕西省华阴市 06-27 08:08 -> 河南省义马市 06-27 13:22 4867 5582
[6013] 6
[success] IHEARDthatyouask 山东省诸城市 08-14 00:54 -> 河南省邓州市 08-14 10:12 6090 8180
[success] LeavesofGrass 广东省江门市 08-08 11:24 -> 河北省石家庄市 08-08 12:19 3041 2336
[success] TOFOREIGNLANDS 河南省鹤壁市 08-21 08:16 -> 广东省清远市 08-21 18:14 17531 11040
[success] LeavesofGrass 重庆市南川市 07-20 16:06 -> 浙江省瑞安市 07-20 19:55 8337 3771
[success] LeavesofGrass 重庆市南川市 08-14 16:06 -> 河北省晋州市 08-15 05:30 18987 5388
[success] IHEARDthatyouask 河南省辉县市 08-17 11:34 -> 福建省龙岩市 08-17 17:57 7532 15053
[6016] 194715892
[6020] 243044020
[6024] 3
[success] INSCRIPTIONS 吉林省龙井市 06-27 02:29 -> 浙江省永康市 06-27 21:33 23965 11053
[success] LeavesofGrass 重庆市南川市 07-29 16:06 -> 福建省漳州市 07-30 02:04 16980 4313
[success] LeavesofGrass 吉林省图们市 07-13 16:42 -> 福建省漳州市 07-14 02:04 13190 2749
[6027] 1
Thoupeerlesspassi 湖南省武冈市 07-22 07:26 -> 辽宁省沈阳市 07-22 10:17 3695 93742
[6029] 114292037
[6031] 8993000
[6041] 1
TOFOREIGNLANDS 江西省乐平市 07-15 05:40 -> 四川省都江堰市 07-15 09:22 6604 92416
[6049] 0
[6059] 12595407
[6066] 1
TOTHEEOLDCAUSE 湖北省广水市 07-17 03:15 -> 山西省孝义市 07-17 20:53 18793 96526
[6069] 19213118
[6078] 358235680
[6081] 3
[success] LeavesofGrass 吉林省图们市 08-13 16:42 -> 四川省德阳市 08-14 09:14 17020 3168
[success] LeavesofGrass 重庆市南川市 07-29 16:06 -> 福建省漳州市 07-30 02:04 16980 535
[success] INSCRIPTIONS 陕西省延安市 06-27 23:39 -> 浙江省永康市 06-28 21:33 28869 15721
[6090] 75242250
[6098] 42887943
[6101] 2747304
[6106] 1
puzzletheNewWorld 广西梧州市 07-17 15:00 -> 山东省淄博市 07-18 04:45 3128 63242
[6115] 1
INSCRIPTIONS 陕西省延安市 07-03 23:39 -> 河北省衡水市 07-04 01:35 1257 70652
[6120] 1
TOFOREIGNLANDS 湖北省黄石市 06-30 01:26 -> 贵州省贵阳市 06-30 10:01 14894 92416
[6128] 9623565
[6138] 30005653
[6147] 1
TOTHEEOLDCAUSE 陕西省华阴市 06-28 18:38 -> 广东省阳春市 06-29 17:10 22864 96526
[6156] 2
[success] LeavesofGrass 重庆市南川市 08-12 16:06 -> 天津市 08-13 09:51 22417 1288
[success] LeavesofGrass 福建省莆田市 08-02 21:43 -> 河北省石家庄市 08-03 12:19 14378 2274
[6164] 1
Thoupeerlesspassi 吉林省吉林市 06-21 16:18 -> 山东省安丘市 06-21 19:55 3218 93742
[6165] 1214720
[6166] 1
ThereforeIsendyou 江苏省连云港市 08-11 19:49 -> 新疆喀什市 08-11 23:20 5605 60364
[6176] 51300832
[6181] 188328
[6190] 101415048
[6200] 1
ThereforeIsendyou 山东省莱西市 07-15 15:31 -> 辽宁省沈阳市 07-16 12:46 36926 52414
[6208] 1
ThereforeIsendyou 山东省莱西市 06-21 15:31 -> 吉林省四平市 06-22 10:55 35779 60364
[6210] 24132020
[6214] 1
puzzletheNewWorld 北京市 08-07 07:37 -> 山东省淄博市 08-08 04:45 5722 63242
[6222] 1454592
[6229] 1
puzzletheNewWorld 浙江省杭州市 08-10 19:30 -> 山东省淄博市 08-11 04:45 2519 57545
[6236] 12884140
[6240] 497580412
[6246] 1
whatyouwanted 黑龙江省讷河市 07-10 03:43 -> 浙江省余姚市 07-10 11:43 12278 77031
[6250] 3
[success] LeavesofGrass 浙江省瑞安市 07-18 20:04 -> 福建省莆田市 07-18 21:35 3102 2709
[success] puzzletheNewWorld 北京市 08-19 07:37 -> 广西梧州市 08-19 14:57 2594 14536
[success] ThereforeIsendyou 广西岑溪市 07-15 18:01 -> 广东省英德市 07-16 04:08 17903 7950
[6251] 220662057
[6258] 67636184
[6260] 1
AndtodefineAmeric 天津市 06-27 22:54 -> 山西省运城市 06-28 02:16 4565 63369
[6267] 1
whatyouwanted 黑龙江省七台河市 06-29 01:28 -> 江苏省无锡市 06-29 09:50 10169 77031
[6272] 15128775
[6273] 8655284
[6277] 18467637
[6279] 786688
[6286] 1
IHEARDthatyouask 湖北省恩施市 07-11 03:46 -> 河南省邓州市 07-11 10:12 4918 56150
[6295] 73363040
[6298] 21123018
[6307] 1
TOTHEEOLDCAUSE 河北省冀州市 07-01 07:52 -> 福建省南平市 07-01 09:45 4587 96526
[6311] 1
IHEARDthatyouask 湖南省湘潭市 08-15 04:50 -> 福建省龙岩市 08-15 17:57 14200 66633
[6313] 38931732
[6322] 1
LeavesofGrass 吉林省图们市 08-07 16:42 -> 福建省漳州市 08-08 02:04 13190 19893
[6332] 253158620
[6342] 117148660
[6343] 74144265
[6350] 0
[6352] 1
ThereforeIsendyou 湖北省钟祥市 06-21 06:06 -> 吉林省四平市 06-21 10:55 9061 60364
[6358] 1
IHEARDthatyouask 湖南省湘潭市 07-06 04:50 -> 广东省恩平市 07-06 16:32 11332 62124
[6366] 70546538
[6367] 1
ThereforeIsendyou 湖北省钟祥市 07-12 06:06 -> 广东省南海市 07-12 06:46 2445 60364
[6370] 1
Thoupeerlesspassi 贵州省赤水市 07-23 19:00 -> 辽宁省沈阳市 07-24 10:17 17251 93742
[6372] 77884625
[6380] 88832
[6381] -1
[6388] -1
[6390] 3
[success] LeavesofGrass 河北省晋州市 07-20 05:35 -> 广东省罗定市 07-20 06:20 256 347
[success] TOFOREIGNLANDS 安徽省滁州市 06-20 05:11 -> 江西省上饶市 06-20 16:27 22376 22260
[success] TOFOREIGNLANDS 四川省都江堰市 08-04 09:31 -> 北京市 08-04 12:14 6780 12094
[6398] 1
TOTHEEOLDCAUSE 江西省吉安市 07-09 06:34 -> 福建省南平市 07-09 09:45 6521 96526
[6402] 1
TOFOREIGNLANDS 四川省都江堰市 07-23 09:31 -> 河北省任丘市 07-23 21:48 14141 92416
[6411] 1
TOFOREIGNLANDS 湖北省黄石市 07-02 01:26 -> 广东省清远市 07-02 18:14 22776 92416
[6417] 63569922
[6422] 1
AndtodefineAmeric 天津市 07-10 22:54 -> 山西省运城市 07-11 02:16 4565 63369
[6423] 5941157
[6425] 1
TOFOREIGNLANDS 广东省清远市 06-16 18:22 -> 四川省峨眉山市 06-16 23:47 1521 92416
[6428] 1
[success] TOFOREIGNLANDS 安徽省滁州市 06-14 05:11 -> 福建省建阳市 06-14 12:53 19580 3411
[6430] 7624158
[6435] 526960123
[6440] 1
INSCRIPTIONS 河北省衡水市 07-16 01:44 -> 浙江省永康市 07-16 21:33 27612 54863
[6449] 1
TOFOREIGNLANDS 四川省都江堰市 08-15 09:31 -> 广东省清远市 08-15 18:14 12819 92416
[6457] 1
LeavesofGrass 山东省栖霞市 07-23 00:32 -> 河北省晋州市 07-23 05:30 2745 21381
[6466] 105168895
[6468] 1
whatyouwanted 江苏省句容市 07-05 00:15 -> 湖南省常德市 07-05 07:08 8236 77031
[6469] 1
TOFOREIGNLANDS 安徽省滁州市 06-30 05:11 -> 江西省乐平市 06-30 05:31 3139 92416
[6475] 1
TOFOREIGNLANDS 北京市 07-05 12:23 -> 福建省建阳市 07-05 12:53 3057 92416
[6485] 1
IHEARDthatyouask 广东省南雄市 06-27 05:34 -> 浙江省台州市 06-27 19:52 17073 66633
[6494] 32074017
[6497] 1
LeavesofGrass 北京市 07-12 13:47 -> 广东省江门市 07-13 11:14 23012 18740
[6500] 3
[success] INSCRIPTIONS 吉林省龙井市 06-28 02:29 -> 浙江省永康市 06-28 21:33 23965 4233
[success] LeavesofGrass 福建省漳州市 07-16 02:13 -> 河北省石家庄市 07-16 12:19 8837 6565
[success] LeavesofGrass 北京市 07-30 13:47 -> 四川省德阳市 07-31 09:14 21046 1314
[6508] 22947568
[6515] 3703284
[6518] 23248100
[6521] 1
ThereforeIsendyou 广东省鹤山市 06-12 09:48 -> 湖南省吉首市 06-12 17:56 9857 60364
[6529] 10799280
[6539] 1
IHEARDthatyouask 河南省邓州市 07-05 10:18 -> 吉林省龙井市 07-05 14:04 5096 66633
[6547] 30702537
[6554] 305913348
[6560] 12258671
[6569] 17180570
[6572] 15326903
[6577] 238685939
[6585] 1
puzzletheNewWorld 北京市 07-26 07:37 -> 广西梧州市 07-26 14:57 2594 63242
[6589] 136313760
[6599] 32394600
[6608] 1
LeavesofGrass 福建省漳州市 07-15 02:13 -> 河北省晋州市 07-15 05:30 2007 17524
[6616] 92819000
[6618] 25872903
[6624] 1
INSCRIPTIONS 辽宁省沈阳市 07-14 05:05 -> 浙江省永康市 07-14 21:33 12149 70652
[6632] 1
puzzletheNewWorld 北京市 07-15 07:37 -> 山东省淄博市 07-16 04:45 5722 59880
[6633] 40483464
[6640] 18653920
[6642] 4
[success] LeavesofGrass 吉林省图们市 07-12 16:42 -> 河北省晋州市 07-13 05:30 15197 5125
[success] LeavesofGrass 吉林省图们市 08-13 16:42 -> 四川省德阳市 08-14 09:14 17020 3168
[success] LeavesofGrass 重庆市南川市 07-29 16:06 -> 福建省漳州市 07-30 02:04 16980 535
[success] INSCRIPTIONS 陕西省延安市 06-27 23:39 -> 浙江省永康市 06-28 21:33 28869 15721
[6650] 1
Thoupeerlesspassi 河北省安国市 07-21 12:17 -> 辽宁省普兰店市 07-21 15:12 8478 93742
[6658] 1
TOFOREIGNLANDS 贵州省贵阳市 06-18 10:05 -> 北京市 06-18 12:14 1843 92416
[6666] 0
[6673] 1
IHEARDthatyouask 辽宁省辽阳市 07-24 08:18 -> 河南省邓州市 07-24 10:12 1786 66633
[6680] 373835458
[6685] 0
[6693] 1
ThereforeIsendyou 山西省朔州市 07-09 21:19 -> 辽宁省庄河市 07-10 15:30 34214 60364
[6694] 1
INSCRIPTIONS 江西省南昌市 07-23 22:02 -> 陕西省延安市 07-23 23:33 2476 65012
[6703] 51290676
[6706] 1
whatyouwanted 黑龙江省讷河市 06-22 03:43 -> 江苏省无锡市 06-22 09:50 9514 77031
[6711] 8216761
[6716] 1
ThereforeIsendyou 广东省英德市 07-29 04:12 -> 广东省南海市 07-29 06:46 10016 60364
[6720] 1
INSCRIPTIONS 辽宁省沈阳市 07-01 05:05 -> 河南省义马市 07-01 13:22 8678 63365
[6726] 1
Thoupeerlesspassi 陕西省华阴市 06-14 14:04 -> 江苏省淮阴市 06-15 03:22 20227 93742
[6730] 1
Thoupeerlesspassi 贵州省赤水市 06-27 19:00 -> 湖南省武冈市 06-28 07:23 13556 93742
[6740] 1
INSCRIPTIONS 安徽省桐城市 06-22 04:17 -> 辽宁省沈阳市 06-22 05:00 4851 64210
[6749] 496057330
[6753] 1
TOTHEEOLDCAUSE 河北省冀州市 07-14 07:52 -> 福建省南平市 07-14 09:45 4587 96526
[6756] 2207787
[6758] 1
whatyouwanted 内蒙集宁市 07-04 12:49 -> 辽宁省沈阳市 07-05 10:34 28356 77031
[6759] 1
AndtodefineAmeric 山东省即墨市 06-27 14:37 -> 云南省昆明市 06-28 00:07 8999 63369
[6760] 1
TOtheeoldcause 云南省开远市 07-21 13:06 -> 辽宁省本溪市 07-22 10:36 17402 76748
[6768] 1
Thoupeerlesspassi 云南省潞西市 07-15 18:31 -> 贵州省赤水市 07-15 18:57 1639 93742
[6778] 76925034
[6783] 1
TOTHEEOLDCAUSE 吉林省长春市 06-30 23:27 -> 福建省南平市 07-01 09:45 10675 96526
[6793] 1
Thoupeerlesspassi 辽宁省普兰店市 07-08 15:20 -> 吉林省吉林市 07-08 16:12 3098 93742
[6799] 1
INSCRIPTIONS 安徽省桐城市 06-28 04:17 -> 福建省永安市 06-28 14:39 14951 37420
[6808] 1
ThereforeIsendyou 广西岑溪市 08-03 18:01 -> 黑龙江省铁力市 08-04 13:35 36114 60364
[6809] 118361760
[6811] 5
[success] INSCRIPTIONS 湖南省韶山市 07-08 03:05 -> 陕西省华阴市 07-08 08:04 12555 1205
[success] INSCRIPTIONS 江西省南昌市 06-21 22:02 -> 江苏省新沂市 06-22 18:06 30226 6442
[success] ThereforeIsendyou 广东省南海市 06-08 06:53 -> 辽宁省沈阳市 06-08 12:46 7763 3535
[success] whatyouwanted 江苏省泰州市 07-16 16:19 -> 吉林省舒兰市 07-16 19:20 4379 17892
[success] IHEARDthatyouask 黑龙江省海林市 08-08 20:59 -> 江苏省太仓市 08-08 23:24 4061 3826
[6817] 21596460
[6825] 5498856
[6832] 1
puzzletheNewWorld 北京市 08-22 07:37 -> 山东省淄博市 08-23 04:45 5722 63242
[6842] 1
TOFOREIGNLANDS 安徽省滁州市 07-29 05:11 -> 河北省任丘市 07-29 21:48 23884 92416
[6844] 1
ThereforeIsendyou 广西岑溪市 07-16 18:01 -> 山西省朔州市 07-16 21:11 3153 60364
[6846] -1
[6847] 1
puzzletheNewWorld 广西梧州市 07-25 15:00 -> 山东省淄博市 07-26 04:45 3128 63242
[6850] 1
ThereforeIsendyou 山东省莱西市 07-23 15:31 -> 湖南省吉首市 07-24 17:56 43517 60364
[6860] 1
TOFOREIGNLANDS 江西省乐平市 06-17 05:40 -> 河北省任丘市 06-17 21:48 20745 85779
[6863] 1
Thousternremorsel 辽宁省瓦房店市 08-08 07:18 -> 江苏省张家港市 08-08 20:44 18969 70953
[6868] 1
Thoupeerlesspassi 广东省深圳市 07-03 02:22 -> 天津市 07-03 04:37 6769 93742
[6878] 1
TOtheeoldcause 吉林省蛟河市 07-19 04:07 -> 河南省登封市 07-19 23:42 14889 76748
[6880] 68052039
[6884] 6437574
[6886] 23344743
[6888] 72035298
[6897] 47243400
[6898] 28177974
[6904] 296855590
[6908] 109529680
[6912] 1
TOtheeoldcause 河南省南阳市 06-27 03:34 -> 江苏省昆山市 06-27 05:04 1194 76748
[6921] 1
whatyouwanted 湖北省枝江市 07-13 22:24 -> 黑龙江省讷河市 07-14 03:40 3677 77031
[6931] 1
puzzletheNewWorld 北京市 07-19 07:37 -> 浙江省杭州市 07-19 19:27 3203 63242
[6941] 1
puzzletheNewWorld 北京市 07-14 07:37 -> 山东省淄博市 07-15 04:45 5722 63242
[6945] 2
TOtheeoldcause 北京市 07-21 09:51 -> 浙江省永康市 07-21 11:35 205 76748
INSCRIPTIONS 北京市 07-21 19:43 -> 浙江省永康市 07-22 21:33 32384 39618
[6948] 1
Thousternremorsel 河北省定州市 07-31 04:32 -> 辽宁省沈阳市 07-31 08:39 5746 70953
[6951] 89657580
[6961] 68342463
[6970] 1
TOTHEEOLDCAUSE 广东省阳春市 07-04 17:14 -> 山西省孝义市 07-04 20:53 3668 96526
[6974] 2
[success] puzzletheNewWorld 北京市 08-21 07:37 -> 山东省淄博市 08-22 04:45 5722 6963
[success] LeavesofGrass 福建省莆田市 08-15 21:43 -> 广东省罗定市 08-16 06:20 7804 6916
[6981] 17532021
[6983] 22577675
[6992] 38992048
[6997] 81283860
[7007] 1
IHEARDthatyouask 广东省南雄市 08-11 05:34 -> 吉林省龙井市 08-11 14:04 7362 66633
[7013] 17554152
[7015] 1
TOTHEEOLDCAUSE 吉林省长春市 07-15 23:27 -> 广东省阳春市 07-16 17:10 18213 96526
[7025] 31431498
[7035] 1
TOFOREIGNLANDS 四川省都江堰市 07-28 09:31 -> 河北省任丘市 07-28 21:48 14141 92416
[7042] 116670840
[7045] 1
LeavesofGrass 吉林省图们市 08-07 16:42 -> 河北省晋州市 08-08 05:30 15197 10216
[7053] 48348530
[7056] 1
INSCRIPTIONS 吉林省龙井市 07-15 02:29 -> 浙江省永康市 07-15 21:33 23965 70652
[7063] 1
Thoupeerlesspassi 云南省潞西市 07-09 18:31 -> 天津市 07-10 04:37 14988 93742
[7068] 86466501
[7070] 51049539
[7072] 80075790
[7073] 1
Thoupeerlesspassi 安徽省滁州市 06-05 10:59 -> 贵州省赤水市 06-05 18:57 17943 85695
[7080] 1
Thoupeerlesspassi 河北省安国市 07-08 12:17 -> 天津市 07-09 04:37 27558 93742
[7086] 1
whatyouwanted 内蒙集宁市 07-13 12:49 -> 湖北省枝江市 07-13 22:14 13093 77031
[7092] 1
IHEARDthatyouask 贵州省福泉市 07-18 22:30 -> 广东省南雄市 07-19 05:28 5665 66633
[7101] 38754880
[7102] 32880507
[7109] 1
IHEARDthatyouask 湖北省恩施市 08-18 03:46 -> 河南省邓州市 08-18 10:12 4918 66633
[7116] 1
whatyouwanted 湖南省资兴市 07-06 16:57 -> 浙江省余姚市 07-07 11:43 25234 77031
[7126] 112810
[7129] 6440370
[7136] 1
whatyouwanted 内蒙集宁市 06-26 12:49 -> 北京市 06-26 13:40 360 77031
[7139] 1
Thoupeerlesspassi 广东省深圳市 07-08 02:22 -> 辽宁省沈阳市 07-08 10:17 10671 93742
[7143] 1
TOtheeoldcause 北京市 07-07 09:51 -> 云南省开远市 07-07 13:03 3566 76748
[7145] 187807620
[7148] 1
INSCRIPTIONS 江西省南昌市 07-16 22:02 -> 江苏省新沂市 07-17 18:06 30226 70652
[7157] 1
whatyouwanted 湖南省常德市 06-29 07:12 -> 浙江省余姚市 06-29 11:43 7263 77031
[7158] 1
AndtodefineAmeric 天津市 06-30 22:54 -> 云南省昆明市 07-01 00:07 4085 63369
[7163] 1
TOtheeoldcause 浙江省永康市 08-03 11:39 -> 湖北省老河口市 08-03 20:44 8667 76748
[7173] 1
AndtodefineAmeric 贵州省安顺市 07-30 11:55 -> 云南省昆明市 07-31 00:07 14342 63369
[7174] 2522799
[7183] 72491328
[7184] 45271964
[7187] 1
AndtodefineAmeric 辽宁省辽阳市 07-26 06:45 -> 山西省运城市 07-27 02:16 16377 63369
[7197] 0
[7199] 1
LeavesofGrass 山东省栖霞市 07-13 00:32 -> 广东省罗定市 07-13 06:20 3001 18740
[7201] 1
whatyouwanted 陕西省宝鸡市 07-19 05:27 -> 江苏省无锡市 07-19 09:50 9315 77031
[7210] 8471844
[7219] 1
TOFOREIGNLANDS 四川省都江堰市 08-05 09:31 -> 四川省峨眉山市 08-05 23:47 14340 92416
[7223] 9158478
[7231] 2393600
[7239] 86231013
[7245] 1
TOFOREIGNLANDS 贵州省贵阳市 07-17 10:05 -> 福建省建阳市 07-17 12:53 4900 92416
[7250] 28050018
[7259] 1
TOTHEEOLDCAUSE 吉林省长春市 06-28 23:27 -> 山西省孝义市 06-29 20:53 21881 96526
[7265] 123475266
[7275] 1
ThereforeIsendyou 江苏省连云港市 07-18 19:49 -> 湖南省吉首市 07-19 17:56 40379 60364
[7282] 5840390
[7283] 1
AndtodefineAmeric 山东省即墨市 06-18 14:37 -> 山西省运城市 06-19 02:16 9479 63369
[7291] 1
ThereforeIsendyou 广西岑溪市 06-12 18:01 -> 辽宁省庄河市 06-13 15:30 37367 55476
[7299] 1
puzzletheNewWorld 北京市 07-26 07:37 -> 广西梧州市 07-26 14:57 2594 63242
[7303] 56551416
[7307] 1
LeavesofGrass 广东省罗定市 07-24 06:28 -> 天津市 07-24 09:51 3174 24894
[7308] 1
Thousternremorsel 河南省焦作市 08-07 16:01 -> 广西玉林市 08-07 18:02 4022 70953
[7313] 1
TOtheeoldcause 北京市 06-21 09:51 -> 河南省登封市 06-21 23:42 13715 76748
[7323] 77318274
[7327] 1
IHEARDthatyouask 湖北省恩施市 08-18 03:46 -> 广东省恩平市 08-18 16:32 11884 66633
[7330] 1
AndtodefineAmeric 辽宁省辽阳市 06-14 06:45 -> 黑龙江省双城市 06-14 12:55 6038 63369
[7336] 4440906
[7345] 1
TOTHEEOLDCAUSE 黑龙江省北安市 06-22 19:59 -> 广东省阳春市 06-23 17:10 19291 96526
[7352] 1
TOTHEEOLDCAUSE 黑龙江省北安市 07-13 19:59 -> 福建省南平市 07-14 09:45 11753 96526
[7353] 20725226
[7361] 1
puzzletheNewWorld 北京市 07-29 07:37 -> 山东省淄博市 07-30 04:45 5722 53662
[7370] 16276272
[7379] 42642556
[7388] 31226881
[7394] 110320758
[7401] 35852058
[7407] 1
puzzletheNewWorld 北京市 08-19 07:37 -> 浙江省杭州市 08-19 19:27 3203 36377
[7409] 1
LeavesofGrass 重庆市南川市 07-14 16:06 -> 天津市 07-15 09:51 22417 11170
[7418] 1
Thoupeerlesspassi 山东省安丘市 06-08 20:03 -> 辽宁省沈阳市 06-09 10:17 16666 93742
[7419] 11918654
[7428] 0
[7434] 196248
[7439] 96193551
[7444] 1
Thousternremorsel 辽宁省北宁市 08-21 21:41 -> 广西北流市 08-22 01:06 959 70953
[7445] 58150400
[7451] 1
whatyouwanted 山东省泰安市 07-09 20:30 -> 浙江省余姚市 07-10 11:43 21412 77031
[7456] 501262498
[7462] 1
puzzletheNewWorld 北京市 08-11 07:37 -> 浙江省杭州市 08-11 19:27 3203 63242
[7466] 7
[success] LeavesofGrass 浙江省瑞安市 08-11 20:04 -> 河北省石家庄市 08-12 12:19 17480 6266
[success] puzzletheNewWorld 北京市 08-19 07:37 -> 山东省淄博市 08-20 04:45 5722 12329
[success] LeavesofGrass 河北省晋州市 08-04 05:35 -> 广东省罗定市 08-04 06:20 256 4655
[success] LeavesofGrass 重庆市南川市 08-10 16:06 -> 吉林省图们市 08-10 16:39 3790 3646
[success] INSCRIPTIONS 江西省南昌市 07-04 22:02 -> 安徽省桐城市 07-05 04:13 14345 16348
[success] LeavesofGrass 重庆市南川市 07-14 16:06 -> 河北省石家庄市 07-15 12:19 25817 1425
[success] puzzletheNewWorld 北京市 07-21 07:37 -> 浙江省杭州市 07-21 19:27 3203 7089
[7474] 1
IHEARDthatyouask 山东省诸城市 06-29 00:54 -> 湖北省恩施市 06-29 03:43 1172 66633
[7480] 1
Thoupeerlesspassi 安徽省滁州市 07-23 10:59 -> 河北省安国市 07-23 12:11 3734 93742
[7486] 41423424
[7494] 1
TOtheeoldcause 浙江省永康市 07-30 11:39 -> 云南省开远市 07-30 13:03 3361 76748
[7501] 1
TOFOREIGNLANDS 湖北省黄石市 07-05 01:26 -> 福建省建阳市 07-05 12:53 19794 92416
[7502] 45107436
[7508] 1
whatyouwanted 湖南省资兴市 06-25 16:57 -> 江苏省句容市 06-26 00:11 9735 77031
[7511] 268123578
[7515] 5
[success] INSCRIPTIONS 河南省义马市 07-21 13:30 -> 福建省永安市 07-21 14:39 1422 3123
[success] TOtheeoldcause 湖北省老河口市 07-14 20:53 -> 辽宁省本溪市 07-15 10:36 12096 5993
[success] puzzletheNewWorld 浙江省杭州市 08-03 19:30 -> 山东省淄博市 08-04 04:45 2519 13053
[success] LeavesofGrass 福建省漳州市 08-08 02:13 -> 河北省石家庄市 08-08 12:19 8837 3183
[success] INSCRIPTIONS 北京市 07-23 19:43 -> 安徽省桐城市 07-24 04:13 15384 5640
[7517] 80057
[7521] 1
TOtheeoldcause 云南省昆明市 07-01 05:55 -> 吉林省公主岭市 07-01 17:11 6342 76748
[7529] -1
[7532] 202444
[7540] 63389312
[7542] 1
LeavesofGrass 四川省德阳市 08-09 09:24 -> 广东省江门市 08-09 11:14 1966 28660
[7544] 3
[success] LeavesofGrass 吉林省图们市 07-14 16:42 -> 四川省德阳市 07-15 09:14 17020 757
[success] INSCRIPTIONS 北京市 07-10 19:43 -> 陕西省延安市 07-10 23:33 3515 3912
[success] INSCRIPTIONS 河北省衡水市 07-02 01:44 -> 安徽省桐城市 07-02 04:13 10612 2124
[7551] 1
Thoupeerlesspassi 陕西省榆林市 06-18 21:33 -> 江苏省扬中市 06-18 23:15 167 93742
[7554] 0
[7563] 88322980
[7569] 4
[success] INSCRIPTIONS 江西省南昌市 07-21 22:02 -> 江苏省新沂市 07-22 18:06 30226 16462
[success] INSCRIPTIONS 安徽省桐城市 06-21 04:17 -> 福建省永安市 06-21 14:39 14951 2879
[success] LeavesofGrass 福建省漳州市 08-10 02:13 -> 天津市 08-10 09:51 5437 632
[success] LeavesofGrass 四川省德阳市 08-06 09:24 -> 河北省石家庄市 08-06 12:19 5007 627
[7570] 25871274
[7572] 8668127
[7578] 4
[success] LeavesofGrass 重庆市南川市 08-16 16:06 -> 天津市 08-17 09:51 22417 5280
[success] LeavesofGrass 河北省晋州市 07-15 05:35 -> 广东省罗定市 07-15 06:20 256 4745
[success] LeavesofGrass 福建省漳州市 08-13 02:13 -> 河北省晋州市 08-13 05:30 2007 1466
[success] LeavesofGrass 北京市 08-07 13:47 -> 河北省晋州市 08-08 05:30 19223 4335
[7580] 1
TOtheeoldcause 云南省开远市 07-15 13:06 -> 河南省登封市 07-15 23:42 10149 76748
[7585] 28519371
[7592] 1
Thousternremorsel 辽宁省沈阳市 08-27 08:45 -> 山东省曲阜市 08-27 11:44 4340 70953
[7596] 1
Thoupeerlesspassi 吉林省吉林市 06-19 16:18 -> 云南省潞西市 06-19 18:28 994 93742
[7605] 1
Thoupeerlesspassi 陕西省华阴市 06-04 14:04 -> 山东省安丘市 06-04 19:55 10436 93742
[7611] 68851440
[7617] 1
Thoupeerlesspassi 云南省潞西市 07-13 18:31 -> 江苏省扬中市 07-13 23:15 3822 93742
[7624] 167377357
[7634] 19967368
[7643] 25279312
[7644] 1
LeavesofGrass 北京市 08-08 13:47 -> 浙江省瑞安市 08-08 19:55 8573 28660
[7654] 1
LeavesofGrass 河北省晋州市 08-10 05:35 -> 四川省德阳市 08-10 09:14 1823 20081
[7657] 244360952
[7662] 90597312
[7668] 1
TOFOREIGNLANDS 安徽省滁州市 08-18 05:11 -> 四川省都江堰市 08-18 09:22 9743 92416
[7671] 1
TOTHEEOLDCAUSE 陕西省华阴市 06-29 18:38 -> 江西省吉安市 06-30 06:26 8805 96526
[7679] 6945237
[7684] 1
TOTHEEOLDCAUSE 黑龙江省北安市 06-22 19:59 -> 山西省孝义市 06-23 20:53 22959 96526
[7686] 1
IHEARDthatyouask 广东省恩平市 07-02 16:35 -> 福建省龙岩市 07-02 17:57 2868 66633
[7688] 1
IHEARDthatyouask 山东省诸城市 08-03 00:54 -> 辽宁省辽阳市 08-03 08:08 4304 66633
[7693] 1
LeavesofGrass 山东省栖霞市 07-29 00:32 -> 四川省德阳市 07-29 09:14 4568 26750
[7694] 1
TOtheeoldcause 云南省昆明市 06-19 05:55 -> 河南省新郑市 06-20 07:51 17694 76748
[7704] 1
puzzletheNewWorld 北京市 08-06 07:37 -> 浙江省杭州市 08-06 19:27 3203 63242
[7705] 30507862
[7712] 95698173
[7714] 19123500
[7721] 1
puzzletheNewWorld 浙江省杭州市 07-29 19:30 -> 山东省淄博市 07-30 04:45 2519 53662
[7731] 1
TOtheeoldcause 浙江省永康市 06-15 11:39 -> 河南省登封市 06-15 23:42 13510 76748
[7736] 40879860
[7741] 3
[success] LeavesofGrass 吉林省图们市 07-25 16:42 -> 浙江省瑞安市 07-25 19:55 4547 4558
[success] IHEARDthatyouask 河南省辉县市 06-29 11:34 -> 广东省恩平市 06-29 16:32 4664 1179
[success] LeavesofGrass 浙江省瑞安市 08-12 20:04 -> 山东省栖霞市 08-13 00:22 7905 952
[7746] 122454560
[7747] 1
whatyouwanted 湖南省资兴市 07-23 16:57 -> 广东省雷州市 07-23 21:32 8276 77031
[7757] 1
TOTHEEOLDCAUSE 吉林省长春市 07-06 23:27 -> 山西省孝义市 07-07 20:53 21881 96526
[7759] 3679610
[7766] 1
IHEARDthatyouask 吉林省龙井市 07-29 14:11 -> 黑龙江省海林市 07-29 20:50 13042 66633
[7767] 5455230
[7771] 1
AndtodefineAmeric 黑龙江省双城市 07-30 13:02 -> 天津市 07-30 22:44 5774 63369
[7776] 1
TOTHEEOLDCAUSE 陕西省华阴市 06-27 18:38 -> 湖北省广水市 06-28 03:08 7739 96526
[7785] 118821633
[7791] 1
LeavesofGrass 浙江省瑞安市 07-24 20:04 -> 四川省德阳市 07-25 09:14 12473 22521
[7799] 325548305
[7804] 33465120
[7806] 1
LeavesofGrass 广东省江门市 08-03 11:24 -> 河北省石家庄市 08-03 12:19 3041 26386
[7807] 21091644
[7817] 1
Thousternremorsel 辽宁省沈阳市 08-12 08:45 -> 山东省禹城市 08-12 09:20 2522 70953
[7820] -1
[7827] 8387342
[7834] 1
INSCRIPTIONS 安徽省桐城市 06-23 04:17 -> 陕西省华阴市 06-23 08:04 8662 70652
[7844] 11773948
[7848] 3134286
[7853] 76454616
[7860] 1
TOFOREIGNLANDS 湖北省黄石市 08-11 01:26 -> 河南省鹤壁市 08-11 08:06 5245 92411
[7866] 104018624
[7873] 1
whatyouwanted 黑龙江省讷河市 07-13 03:43 -> 辽宁省沈阳市 07-13 10:34 11586 77031
[7878] 89401644
[7879] 1
TOTHEEOLDCAUSE 福建省南平市 07-18 09:55 -> 河南省巩义市 07-18 14:30 3673 96526
[7884] 1
puzzletheNewWorld 浙江省杭州市 08-25 19:30 -> 山东省淄博市 08-26 04:45 2519 63242
[7891] 1
puzzletheNewWorld 北京市 07-22 07:37 -> 广西梧州市 07-22 14:57 2594 63242
[7894] 27320000
[7899] 3066192
[7907] 80128698
[7913] 50909957
[7918] 26253258
[7927] 107966694
[7929] 70889000
[7933] 32983850
[7936] 1
Thoupeerlesspassi 吉林省吉林市 06-25 16:18 -> 云南省潞西市 06-25 18:28 994 93742
[7939] 1
puzzletheNewWorld 广西梧州市 08-10 15:00 -> 浙江省杭州市 08-10 19:27 609 57545
[7949] 31346796
[7956] 1
TOTHEEOLDCAUSE 湖北省广水市 06-29 03:15 -> 山西省孝义市 06-29 20:53 18793 96526
[7962] 1
TOFOREIGNLANDS 四川省都江堰市 06-19 09:31 -> 福建省建阳市 06-19 12:53 9837 92416
[7968] 38329883
[7976] 0
[7984] 1
INSCRIPTIONS 河南省义马市 07-17 13:30 -> 福建省永安市 07-17 14:39 1422 70652
[7992] 1
IHEARDthatyouask 河南省邓州市 07-24 10:18 -> 江苏省太仓市 07-24 23:24 22199 66633
[8001] 3
[success] INSCRIPTIONS 北京市 06-23 19:43 -> 陕西省延安市 06-23 23:33 3515 9844
[success] INSCRIPTIONS 辽宁省沈阳市 06-30 05:05 -> 陕西省华阴市 06-30 08:04 3811 1653
[refunded] LeavesofGrass 山东省栖霞市 07-24 00:32 -> 广东省罗定市 07-24 06:20 3001 2165
[8006] 1142338
[8014] 1
Thoupeerlesspassi 陕西省华阴市 06-20 14:04 -> 江苏省淮阴市 06-21 03:22 20227 93742
[8021] 34306176
[8023] 0
[8027] 14040404
[8036] 1
TOFOREIGNLANDS 江西省乐平市 08-10 05:40 -> 四川省都江堰市 08-10 09:22 6604 92416
[8041] 11424690
[8049] 1
AndtodefineAmeric 贵州省安顺市 07-24 11:55 -> 山西省运城市 07-25 02:16 14822 63369
[8056] 1
AndtodefineAmeric 黑龙江省双城市 07-20 13:02 -> 山东省即墨市 07-20 14:34 860 63369
[8064] 37484
[8070] 1
LeavesofGrass 浙江省瑞安市 08-02 20:04 -> 广东省罗定市 08-03 06:20 10906 16981
[8075] 1
ThereforeIsendyou 广西岑溪市 06-13 18:01 -> 吉林省四平市 06-14 10:55 34535 60364
[8079] 1
IHEARDthatyouask 河南省辉县市 08-02 11:34 -> 广东省恩平市 08-02 16:32 4664 55124
[8084] 1
TOTHEEOLDCAUSE 河南省巩义市 07-17 14:39 -> 广东省阳春市 07-17 17:10 3865 96526
[8085] 138068112
[8095] 17614080
[8097] 100047831
[8106] 1
whatyouwanted 湖南省常德市 07-07 07:12 -> 江苏省无锡市 07-07 09:50 4499 77031
[8110] 1
INSCRIPTIONS 福建省永安市 07-03 14:45 -> 浙江省永康市 07-03 21:33 2049 55370
[8111] 10947426
[8118] 5244000
[8126] 1
AndtodefineAmeric 贵州省安顺市 08-01 11:55 -> 山东省即墨市 08-01 14:34 5343 63369
[8127] 1
puzzletheNewWorld 北京市 08-21 07:37 -> 浙江省杭州市 08-21 19:27 3203 56279
[8137] 42136295
[8146] 100569380
[8151] 1
Thoupeerlesspassi 河北省安国市 06-23 12:17 -> 贵州省赤水市 06-23 18:57 14209 93742
[8156] 1
puzzletheNewWorld 浙江省杭州市 08-24 19:30 -> 山东省淄博市 08-25 04:45 2519 50749
[8165] 1
AndtodefineAmeric 贵州省安顺市 07-15 11:55 -> 黑龙江省双城市 07-15 12:55 4483 63369
[8174] 76337820
[8180] 33599584
[8187] -1
[8194] 1
Thoupeerlesspassi 江苏省淮阴市 07-12 03:28 -> 湖南省武冈市 07-12 07:23 3180 93742
[8196] 1
puzzletheNewWorld 浙江省杭州市 08-08 19:30 -> 山东省淄博市 08-09 04:45 2519 63242
[8206] 1
TOFOREIGNLANDS 河南省鹤壁市 06-20 08:16 -> 河北省任丘市 06-20 21:48 18853 49571
[8210] 1
TOtheeoldcause 云南省昆明市 07-21 05:55 -> 湖北省老河口市 07-21 20:44 9497 76748
[8219] 11917104
[8227] 1650550
[8230] 1
AndtodefineAmeric 辽宁省辽阳市 07-13 06:45 -> 黑龙江省双城市 07-13 12:55 6038 63369
[8231] 1
TOtheeoldcause 云南省昆明市 06-17 05:55 -> 河南省登封市 06-17 23:42 14340 76748
[8236] 5800800
[8242] 1
INSCRIPTIONS 北京市 07-01 19:43 -> 河北省衡水市 07-02 01:35 4772 70652
[8246] 77803204
[8255] 92124624
[8263] 1
IHEARDthatyouask 湖北省恩施市 08-07 03:46 -> 吉林省龙井市 08-07 14:04 10014 66633
[8270] 34867770
[8272] 1
Thoupeerlesspassi 江苏省淮阴市 06-23 03:28 -> 湖南省武冈市 06-23 07:23 3180 93742
[8274] 179995010
[8279] queue
[8285] 1
TOFOREIGNLANDS 湖北省黄石市 07-01 01:26 -> 贵州省贵阳市 07-01 10:01 14894 92416
[8286] 1
IHEARDthatyouask 福建省龙岩市 07-08 18:05 -> 江苏省太仓市 07-08 23:24 12365 66633
[8291] 1
IHEARDthatyouask 湖南省湘潭市 07-18 04:50 -> 广东省恩平市 07-18 16:32 11332 55487
[8300] 38691840
[8307] 31130156
[8310] 1
INSCRIPTIONS 湖南省韶山市 06-28 03:05 -> 江苏省新沂市 06-28 18:06 19774 37420
[8317] 139244600
[8321] -1
[8324] 21527239
[8331] 1
whatyouwanted 广东省雷州市 07-16 21:41 -> 浙江省余姚市 07-17 11:43 16958 77031
[8337] 1
whatyouwanted 广东省雷州市 07-19 21:41 -> 湖北省枝江市 07-19 22:14 1003 77031
[8341] 375676850
[8343] 1
TOFOREIGNLANDS 安徽省滁州市 06-28 05:11 -> 河北省任丘市 06-28 21:48 23884 92416
[8348] 1
TOTHEEOLDCAUSE 广东省阳春市 07-21 17:14 -> 山西省孝义市 07-21 20:53 3668 96526
[8350] 1
INSCRIPTIONS 北京市 07-19 19:43 -> 河南省义马市 07-20 13:22 28913 63925
[8359] 7686022
[8360] 7
[success] puzzletheNewWorld 北京市 07-16 07:37 -> 广西梧州市 07-16 14:57 2594 2963
[success] INSCRIPTIONS 陕西省华阴市 07-07 08:08 -> 陕西省渭南市 07-07 10:53 3715 11004
[success] LeavesofGrass 广东省罗定市 08-10 06:28 -> 天津市 08-10 09:51 3174 5128
[success] AndtodefineAmeric 甘肃省兰州市 08-13 20:12 -> 湖南省冷水江市 08-14 05:58 9454 2967
[success] TOFOREIGNLANDS 安徽省滁州市 08-04 05:11 -> 四川省峨眉山市 08-04 23:47 24083 21881
[success] LeavesofGrass 山东省栖霞市 07-16 00:32 -> 广东省江门市 07-16 11:14 6534 5738
[success] LeavesofGrass 福建省莆田市 07-22 21:43 -> 河北省晋州市 07-23 05:30 7548 3355
[8365] 1
puzzletheNewWorld 北京市 08-22 07:37 -> 山东省淄博市 08-23 04:45 5722 63242
[8373] 94647910
[8380] 116460308
[8386] queue
[8396] 253910804
[8405] 31245032
[8411] 57550422
[8415] 1
TOFOREIGNLANDS 安徽省滁州市 07-22 05:11 -> 广东省清远市 07-22 18:14 22562 92416
[8421] 64049100
[8423] 793005
[8426] 322326620
[8436] 1
INSCRIPTIONS 北京市 07-04 19:43 -> 陕西省延安市 07-04 23:33 3515 50187
[8442] 5
[success] LeavesofGrass 重庆市南川市 08-14 16:06 -> 广东省罗定市 08-15 06:20 19243 427
[success] LeavesofGrass 北京市 08-11 13:47 -> 浙江省瑞安市 08-11 19:55 8573 5984
[success] LeavesofGrass 重庆市南川市 08-04 16:06 -> 浙江省瑞安市 08-04 19:55 8337 558
[success] IHEARDthatyouask 贵州省福泉市 07-17 22:30 -> 广东省南雄市 07-18 05:28 5665 11146
[success] LeavesofGrass 浙江省瑞安市 08-13 20:04 -> 河北省晋州市 08-14 05:30 10650 1019
[8443] 1
IHEARDthatyouask 辽宁省辽阳市 08-11 08:18 -> 河南省辉县市 08-11 11:27 4088 66633
[8450] 36510995
[8452] -1
[8458] 264320
[8465] 144972678
[8468] 1
TOTHEEOLDCAUSE 江西省吉安市 07-12 06:34 -> 山西省孝义市 07-12 20:53 17727 96526
[8475] 245982510
[8479] 1
whatyouwanted 内蒙集宁市 07-07 12:49 -> 湖南省资兴市 07-07 16:54 3814 66842
[8482] 1
Thoupeerlesspassi 陕西省华阴市 07-21 14:04 -> 江苏省淮阴市 07-22 03:22 20227 93742
[8489] 1
INSCRIPTIONS 陕西省延安市 07-14 23:39 -> 陕西省华阴市 07-15 08:04 20531 70652
[8493] -1
[8502] 48382473
[8511] 49610074
[8517] 1
TOFOREIGNLANDS 江西省上饶市 06-14 16:30 -> 四川省峨眉山市 06-14 23:47 1707 92416
[8523] 33628297
[8531] 124507287
[8536] 1
TOTHEEOLDCAUSE 陕西省华阴市 07-06 18:38 -> 广东省阳春市 07-07 17:10 22864 96526
[8539] 5346738
[8542] 18294627
[8550] 52056322
[8553] 10462452
[8555] 1
TOtheeoldcause 吉林省公主岭市 06-20 17:21 -> 河南省新郑市 06-21 07:51 11352 76748
[8561] 1
ThereforeIsendyou 新疆喀什市 06-09 23:23 -> 广东省英德市 06-10 04:08 10404 60364
[8565] 1
AndtodefineAmeric 黑龙江省双城市 08-04 13:02 -> 山东省即墨市 08-04 14:34 860 63369
[8567] 1
TOFOREIGNLANDS 江西省乐平市 07-26 05:40 -> 四川省都江堰市 07-26 09:22 6604 92416
[8569] 1
AndtodefineAmeric 甘肃省兰州市 08-02 20:12 -> 云南省昆明市 08-03 00:07 6588 63369
[8577] 11336864
[8579] 1
whatyouwanted 吉林省舒兰市 07-06 19:24 -> 江苏省句容市 07-07 00:11 6347 77031
[8587] 1
ThereforeIsendyou 山西省朔州市 06-09 21:19 -> 湖北省钟祥市 06-10 06:03 22321 60364
[8590] 46535694
[8594] 12305719
[8604] 1
Thoupeerlesspassi 安徽省滁州市 06-07 10:59 -> 贵州省赤水市 06-07 18:57 17943 93742
[8608] 91654062
[8612] 75043584
[8618] 62562402
[8624] 164897631
[8625] 1
TOTHEEOLDCAUSE 江西省吉安市 07-15 06:34 -> 河南省巩义市 07-15 14:30 10194 96526
[8632] 1
TOTHEEOLDCAUSE 江西省吉安市 07-08 06:34 -> 广东省阳春市 07-08 17:10 14059 96526
[8642] 1
TOFOREIGNLANDS 江西省乐平市 06-25 05:40 -> 北京市 06-25 12:14 13384 79856
[8651] 1
LeavesofGrass 福建省莆田市 07-30 21:43 -> 山东省栖霞市 07-31 00:22 4803 22732
[8658] 1
Thoupeerlesspassi 河北省安国市 06-15 12:17 -> 陕西省华阴市 06-15 14:00 4358 93742
[8661] 52840700
[8665] 1
TOFOREIGNLANDS 河南省鹤壁市 07-04 08:16 -> 广东省清远市 07-04 18:14 17531 88838
[8666] 31351230
[8669] 1
IHEARDthatyouask 吉林省龙井市 08-03 14:11 -> 广东省恩平市 08-03 16:32 1870 66633
[8673] 0
[8683] 5517714
[8687] 119384430
[8690] 9641629
[8692] 0
[8699] 1
INSCRIPTIONS 吉林省龙井市 06-29 02:29 -> 湖南省韶山市 06-29 02:56 3072 69933
[8707] 96921575
[8713] 107343288
[8723] 7269024
[8726] 1
Thoupeerlesspassi 吉林省吉林市 06-15 16:18 -> 江苏省淮阴市 06-16 03:22 13009 93742
[8731] 6906540
[8733] 1
TOtheeoldcause 云南省昆明市 06-27 05:55 -> 河南省登封市 06-27 23:42 14340 76748
[8743] 1
AndtodefineAmeric 黑龙江省双城市 07-31 13:02 -> 云南省昆明市 08-01 00:07 9859 63369
[8747] 1
INSCRIPTIONS 北京市 06-29 19:43 -> 江西省南昌市 06-29 21:55 1039 70652
[8754] 41793960
[8755] 3454485
[8758] 17589390
[8765] 1
TOTHEEOLDCAUSE 陕西省华阴市 07-10 18:38 -> 山西省孝义市 07-11 20:53 26532 96526
[8769] 112069950
[8771] 50443250
[8776] 526748502
[8786] 1
TOTHEEOLDCAUSE 河北省冀州市 07-12 07:52 -> 山西省孝义市 07-12 20:53 15793 96526
[8787] 42987762
[8793] 808448
[8802] 0
[8808] 40423311
[8818] 1
IHEARDthatyouask 河南省邓州市 07-14 10:18 -> 吉林省龙井市 07-14 14:04 5096 66633
[8823] 1
LeavesofGrass 北京市 07-22 13:47 -> 广东省罗定市 07-23 06:20 19479 13802
[8829] 98892100
[8836] 3
[success] LeavesofGrass 重庆市南川市 07-31 16:06 -> 吉林省图们市 07-31 16:39 3790 4641
[success] INSCRIPTIONS 河北省衡水市 07-24 01:44 -> 浙江省永康市 07-24 21:33 27612 11079
[success] LeavesofGrass 山东省栖霞市 08-05 00:32 -> 河北省石家庄市 08-05 12:19 9575 5450
[8841] 1
LeavesofGrass 吉林省图们市 07-28 16:42 -> 山东省栖霞市 07-29 00:22 12452 26750
[8845] 31187739
[8853] 29267176
[8857] 1
INSCRIPTIONS 河北省衡水市 07-19 01:44 -> 江苏省新沂市 07-19 18:06 26493 58124
[8860] 1
whatyouwanted 黑龙江省讷河市 06-22 03:43 -> 浙江省余姚市 06-22 11:43 12278 77031
[8867] 89792988
[8875] 1419776
[8880] 1
Thousternremorsel 黑龙江省五常市 08-09 19:00 -> 河北省定州市 08-10 04:26 9095 66660
[8886] 40321674
[8893] 1
puzzletheNewWorld 北京市 08-10 07:37 -> 浙江省杭州市 08-10 19:27 3203 57545
[8903] 10
[success] puzzletheNewWorld 北京市 08-19 07:37 -> 浙江省杭州市 08-19 19:27 3203 10499
[success] LeavesofGrass 重庆市南川市 07-25 16:06 -> 广东省江门市 07-26 11:14 22776 6062
[success] Thoupeerlesspassi 河北省安国市 06-10 12:17 -> 陕西省华阴市 06-10 14:00 4358 7872
[success] LeavesofGrass 北京市 07-15 13:47 -> 浙江省瑞安市 07-15 19:55 8573 4471
[success] INSCRIPTIONS 陕西省渭南市 07-22 11:00 -> 福建省永安市 07-22 14:39 2574 10051
[success] INSCRIPTIONS 陕西省延安市 06-28 23:39 -> 河北省衡水市 06-29 01:35 1257 2007
[success] LeavesofGrass 重庆市南川市 07-16 16:06 -> 四川省德阳市 07-17 09:14 20810 3906
[success] ThereforeIsendyou 江苏省连云港市 07-31 19:49 -> 黑龙江省铁力市 08-01 13:35 34220 4494
[success] puzzletheNewWorld 广西梧州市 07-15 15:00 -> 浙江省杭州市 07-15 19:27 609 3362
[success] IHEARDthatyouask 湖北省恩施市 08-05 03:46 -> 广东省南雄市 08-05 05:28 2652 10466
[8904] 1
TOtheeoldcause 云南省开远市 08-03 13:06 -> 河南省南阳市 08-04 03:24 12072 76748
[8907] 1
puzzletheNewWorld 浙江省杭州市 08-15 19:30 -> 山东省淄博市 08-16 04:45 2519 63242
[8915] 1
TOtheeoldcause 云南省开远市 08-03 13:06 -> 吉林省公主岭市 08-03 17:11 2151 76748
[8925] 15533135
[8933] 1
whatyouwanted 广东省雷州市 07-03 21:41 -> 湖南省常德市 07-04 07:08 9695 77031
[8936] 23383613
[8940] 1
AndtodefineAmeric 辽宁省辽阳市 06-25 06:45 -> 云南省昆明市 06-26 00:07 15897 63369
[8945] 5758790
[8955] 1795560
[8956] 0
[8966] 78361790
[8974] 100637897
[8983] 1
TOTHEEOLDCAUSE 黑龙江省北安市 06-22 19:59 -> 河南省巩义市 06-23 14:30 15426 96526
[8993] 1
Thousternremorsel 辽宁省沈阳市 08-14 08:45 -> 山东省禹城市 08-14 09:20 2522 70953
[8995] 1
Thousternremorsel 辽宁省瓦房店市 08-05 07:18 -> 广西玉林市 08-05 18:02 14860 70953
[8996] 1093860
[9006] 1
whatyouwanted 江苏省泰州市 06-21 16:19 -> 江苏省无锡市 06-22 09:50 23461 77031
[9011] 1
TOFOREIGNLANDS 湖北省黄石市 06-16 01:26 -> 福建省建阳市 06-16 12:53 19794 69555
[9021] 4631004
[9025] 1
puzzletheNewWorld 浙江省杭州市 07-22 19:30 -> 山东省淄博市 07-23 04:45 2519 63242
[9033] 1
TOtheeoldcause 云南省昆明市 07-10 05:55 -> 浙江省永康市 07-10 11:35 830 76748
[9035] 105818321
[9044] queue
[9048] 5
[success] LeavesofGrass 河北省晋州市 08-05 05:35 -> 广东省江门市 08-05 11:14 3789 1833
[success] LeavesofGrass 重庆市南川市 07-18 16:06 -> 山东省栖霞市 07-19 00:22 16242 3449
[success] AndtodefineAmeric 山东省即墨市 08-19 14:37 -> 湖南省冷水江市 08-20 05:58 11865 10823
[success] IHEARDthatyouask 贵州省福泉市 07-02 22:30 -> 浙江省台州市 07-03 19:52 22738 13061
[success] IHEARDthatyouask 贵州省福泉市 07-05 22:30 -> 河南省邓州市 07-06 10:12 7931 4509
[9057] bye
